"../../../DrAward/Content/BP/NoPawnGameMode.uasset" 0
"../../../Engine/Content/Functions/Engine_MaterialFunctions01/Opacity/CameraDepthFade.uasset" 1
"../../../Engine/Content/EngineMaterials/T_Default_Material_Grid_M.uasset" 2
"../../../Engine/Content/EngineMaterials/T_Default_Material_Grid_N.uasset" 3
"../../../Engine/Content/EngineMaterials/DefaultMaterial.uasset" 4
"../../../Engine/Content/BasicShapes/Cone.uasset" 5
"../../../Engine/Content/EngineMaterials/WorldGridMaterial.uasset" 6
"../../../Engine/Content/BasicShapes/Cube.uasset" 7
"../../../Engine/Content/BasicShapes/Cylinder.uasset" 8
"../../../Engine/Content/BasicShapes/Sphere.uasset" 9
"../../../Engine/Content/EditorLandscapeResources/DataLayer.uasset" 10
"../../../Engine/Content/EditorMaterials/GizmoMaterial.uasset" 11
"../../../Engine/Content/EditorMaterials/MAT_Groups_Toggle.uasset" 12
"../../../Engine/Content/EditorMaterials/MAT_Groups_Visibility.uasset" 13
"../../../Engine/Content/EditorMaterials/PreviewShadowIndicator.uasset" 14
"../../../Engine/Content/EditorMaterials/PreviewShadowIndicatorMaterial.uasset" 15
"../../../Engine/Content/EditorMaterials/AssetViewer/EpicQuadPanorama_CC+EV1.uasset" 16
"../../../Engine/Content/EditorMaterials/MatineeGroups/MAT_ColorTrack.uasset" 17
"../../../Engine/Content/EditorMaterials/MatineeGroups/MAT_Groups_Anim.uasset" 18
"../../../Engine/Content/EditorMaterials/MatineeGroups/MAT_Groups_AudioMaster.uasset" 19
"../../../Engine/Content/EditorMaterials/MatineeGroups/MAT_Groups_Director.uasset" 20
"../../../Engine/Content/EditorMaterials/MatineeGroups/MAT_Groups_Event.uasset" 21
"../../../Engine/Content/EditorMaterials/MatineeGroups/MAT_Groups_Fade.uasset" 22
"../../../Engine/Content/EditorMaterials/MatineeGroups/MAT_Groups_Float.uasset" 23
"../../../Engine/Content/EditorMaterials/MatineeGroups/MAT_Groups_Move.uasset" 24
"../../../Engine/Content/EditorMaterials/MatineeGroups/MAT_Groups_Slomo.uasset" 25
"../../../Engine/Content/EditorMaterials/MatineeGroups/MAT_Groups_Sound.uasset" 26
"../../../Engine/Content/EditorMaterials/MatineeGroups/MAT_Groups_Vector.uasset" 27
"../../../Engine/Content/EditorMaterials/ParticleSystems/PSysThumbnail_NoImage.uasset" 28
"../../../Engine/Content/EditorMaterials/ParticleSystems/PSysThumbnail_OOD.uasset" 29
"../../../Engine/Content/EditorMaterials/Camera/CineMat.uasset" 30
"../../../Engine/Content/EditorMaterials/Camera/MI_CineMat_Rig.uasset" 31
"../../../Engine/Content/EditorMeshes/Camera/SM_CraneRig_Arm.uasset" 32
"../../../Engine/Content/EditorMeshes/Camera/SM_CraneRig_Base.uasset" 33
"../../../Engine/Content/EditorMeshes/Camera/SM_CraneRig_Body.uasset" 34
"../../../Engine/Content/EditorMeshes/Camera/SM_CraneRig_Mount.uasset" 35
"../../../Engine/Content/EditorMeshes/Camera/SM_RailRig_Mount.uasset" 36
"../../../Engine/Content/EditorMeshes/Camera/SM_RailRig_Track.uasset" 37
"../../../Engine/Content/EditorMeshes/ColorCalibrator/M_ChromeBall.uasset" 38
"../../../Engine/Content/EditorMeshes/ColorCalibrator/M_ClearCoat.uasset" 39
"../../../Engine/Content/EditorMeshes/ColorCalibrator/M_ClearCoatBlack.uasset" 40
"../../../Engine/Content/EditorMeshes/ColorCalibrator/T_ColorGrid.uasset" 41
"../../../Engine/Content/EditorMeshes/ColorCalibrator/M_ColorGrid.uasset" 42
"../../../Engine/Content/EditorMeshes/ColorCalibrator/M_GreyBall.uasset" 43
"../../../Engine/Content/EditorMeshes/ColorCalibrator/SM_ColorCalibrator.uasset" 44
"../../../Engine/Content/EditorResources/BSPVertex.uasset" 45
"../../../Engine/Content/EditorResources/EmptyActor.uasset" 46
"../../../Engine/Content/EditorResources/S_Actor.uasset" 47
"../../../Engine/Content/EditorResources/S_Trigger.uasset" 48
"../../../Engine/Content/EditorResources/AudioIcons/S_AudioComponent.uasset" 49
"../../../Engine/Content/EditorResources/AudioIcons/S_AudioComponent_AutoActivate.uasset" 50
"../../../Engine/Content/EditorResources/LightIcons/S_LightError.uasset" 51
"../../../Engine/Content/EditorResources/SequenceRecorder/Countdown.uasset" 52
"../../../Engine/Content/EditorResources/SequenceRecorder/RecordingIndicator.uasset" 53
"../../../Engine/Content/EditorSounds/Notifications/CompileFailed.uasset" 54
"../../../Engine/Content/EditorSounds/Notifications/CompileFailed_Cue.uasset" 55
"../../../Engine/Content/EditorSounds/Notifications/CompileSuccess.uasset" 56
"../../../Engine/Content/EditorSounds/Notifications/CompileStart_Cue.uasset" 57
"../../../Engine/Content/EditorSounds/Notifications/CompileSuccess_Cue.uasset" 58
"../../../Engine/Content/EngineDamageTypes/DmgTypeBP_Environmental.uasset" 59
"../../../Engine/Content/EngineDebugMaterials/HeatmapGradient.uasset" 60
"../../../Engine/Content/EngineDebugMaterials/BoneWeightMaterial.uasset" 61
"../../../Engine/Content/EngineDebugMaterials/ClothMaterial.uasset" 62
"../../../Engine/Content/EngineDebugMaterials/ClothMaterial_WF.uasset" 63
"../../../Engine/Content/EngineDebugMaterials/DebugEditorMaterial.uasset" 64
"../../../Engine/Content/EngineDebugMaterials/DebugMeshMaterial.uasset" 65
"../../../Engine/Content/EngineDebugMaterials/GeomMaterial.uasset" 66
"../../../Engine/Content/EngineFonts/Faces/RobotoBold.uasset" 67
"../../../Engine/Content/EngineFonts/Faces/RobotoBoldItalic.uasset" 68
"../../../Engine/Content/EngineFonts/Faces/RobotoItalic.uasset" 69
"../../../Engine/Content/EngineFonts/Faces/RobotoLight.uasset" 70
"../../../Engine/Content/EngineFonts/Faces/RobotoRegular.uasset" 71
"../../../Engine/Content/EngineFonts/Roboto.uasset" 72
"../../../Engine/Content/EngineFonts/Faces/RobotoTiny.uasset" 73
"../../../Engine/Content/EngineFonts/RobotoTiny.uasset" 74
"../../../Engine/Content/EngineMaterials/DefaultBloomKernel.uasset" 75
"../../../Engine/Content/EngineMaterials/DefaultBokeh.uasset" 76
"../../../Engine/Content/EngineMaterials/DefaultDiffuse.uasset" 77
"../../../Engine/Content/EngineMaterials/DefaultDeferredDecalMaterial.uasset" 78
"../../../Engine/Content/EngineMaterials/DefaultLightFunctionMaterial.uasset" 79
"../../../Engine/Content/EngineMaterials/DefaultPhysicalMaterial.uasset" 80
"../../../Engine/Content/Functions/Engine_MaterialFunctions02/Utility/BreakOutFloat2Components.uasset" 81
"../../../Engine/Content/EngineMaterials/DefaultPostProcessMaterial.uasset" 82
"../../../Engine/Content/EngineFonts/RobotoDistanceField.uasset" 83
"../../../Engine/Content/EngineMaterials/DefaultTextMaterialOpaque.uasset" 84
"../../../Engine/Content/EngineMaterials/DefaultWhiteGrid.uasset" 85
"../../../Engine/Content/EngineMaterials/EditorBrushMaterial.uasset" 86
"../../../Engine/Content/EngineMaterials/Good64x64TilingNoiseHighFreq.uasset" 87
"../../../Engine/Content/EngineMaterials/MiniFont.uasset" 88
"../../../Engine/Content/EngineMaterials/InvalidLightmapSettings.uasset" 89
"../../../Engine/Content/EngineMaterials/M_InvalidLightmapSettings.uasset" 90
"../../../Engine/Content/EngineMaterials/PhAT_JointLimitMaterial.uasset" 91
"../../../Engine/Content/EngineMaterials/PreintegratedSkinBRDF.uasset" 92
"../../../Engine/Content/EngineMaterials/RemoveSurfaceMaterial.uasset" 93
"../../../Engine/Content/EngineMaterials/WeightMapPlaceholderTexture.uasset" 94
"../../../Engine/Content/EngineResources/WhiteSquareTexture.uasset" 95
"../../../Engine/Content/EngineMaterials/Widget3DPassThrough.uasset" 96
"../../../Engine/Content/EngineMaterials/Widget3DPassThrough_Masked.uasset" 97
"../../../Engine/Content/EngineMaterials/Widget3DPassThrough_Opaque.uasset" 98
"../../../Engine/Content/EngineMaterials/Widget3DPassThrough_Masked_OneSided.uasset" 99
"../../../Engine/Content/EngineMaterials/Widget3DPassThrough_Opaque_OneSided.uasset" 100
"../../../Engine/Content/EngineMaterials/Widget3DPassThrough_Translucent.uasset" 101
"../../../Engine/Content/EngineMaterials/Widget3DPassThrough_Translucent_OneSided.uasset" 102
"../../../Engine/Content/EngineMeshes/Cube.uasset" 103
"../../../Engine/Content/EngineMeshes/Cylinder.uasset" 104
"../../../Engine/Content/EngineMeshes/Sphere.uasset" 105
"../../../Engine/Content/EngineResources/Black.uasset" 106
"../../../Engine/Content/EngineResources/DefaultTexture.uasset" 107
"../../../Engine/Content/EngineResources/DefaultTextureCube.uasset" 108
"../../../Engine/Content/EngineResources/GradientTexture0.uasset" 109
"../../../Engine/Content/EngineSounds/Master.uasset" 110
"../../../Engine/Content/Functions/Engine_MaterialFunctions01/Shading/ConvertFromDiffSpec.uasset" 111
"../../../Engine/Content/Functions/Engine_MaterialFunctions01/Shading/PowerToRoughness.uasset" 112
"../../../Engine/Content/Maps/Templates/Thumbnails/Default.uasset" 113
"../../../Engine/Content/Maps/Templates/Thumbnails/VR-Basic.uasset" 114
"../../../Engine/Content/MobileResources/T_MobileControls_texture.uasset" 115
"../../../Engine/Content/MobileResources/T_MobileMenu2.uasset" 116
"../../../Engine/Content/MobileResources/HUD/AnalogHat.uasset" 117
"../../../Engine/Content/MobileResources/HUD/VirtualJoystick_Background.uasset" 118
"../../../Engine/Content/MobileResources/HUD/VirtualJoystick_Thumb.uasset" 119
"../../../Engine/Content/MobileResources/HUD/DefaultVirtualJoysticks.uasset" 120
"../../../Engine/Content/MobileResources/HUD/LeftVirtualJoystickOnly.uasset" 121
"../../../Engine/Content/MobileResources/HUD/MobileHUDButton1_off.uasset" 122
"../../../Engine/Content/MobileResources/HUD/MobileHUDButton1_on.uasset" 123
"../../../Engine/Content/MobileResources/HUD/MobileHUDButton2_off.uasset" 124
"../../../Engine/Content/MobileResources/HUD/MobileHUDButton2_on.uasset" 125
"../../../Engine/Content/MobileResources/HUD/MobileHUDButton3.uasset" 126
"../../../Engine/Content/MobileResources/HUD/MobileHUDButtonFire.uasset" 127
"../../../Engine/Content/MobileResources/HUD/MobileHUDDirectionPad.uasset" 128
"../../../Engine/Content/MobileResources/HUD/MobileHUDDirectionPad2.uasset" 129
"../../../Engine/Content/MobileResources/HUD/MobileHUDDirectionPad3.uasset" 130
"../../../Engine/Content/MobileResources/HUD/MobileHUDDirectionStick.uasset" 131
"../../../Engine/Content/MobileResources/HUD/T_Castle_ThumbstickInner.uasset" 132
"../../../Engine/Content/MobileResources/HUD/T_Castle_ThumbstickOutter.uasset" 133
"../../../Engine/Content/Tutorial/ContentIntroCurve.uasset" 134
"../../../Engine/Content/Tutorial/Basics/TutorialAssets/icon_tab_Levels_40x.uasset" 135
"../../../Engine/Content/Tutorial/BlueprintTutorials/TutorialAssets/BlueprintInterface_64x.uasset" 136
"../../../Engine/Content/Tutorial/BlueprintTutorials/TutorialAssets/BlueprintMacroLibrary_64x.uasset" 137
"../../../Engine/Content/Tutorial/BlueprintTutorials/TutorialAssets/Blueprint_64x.uasset" 138
"../../../Engine/Content/Tutorial/BlueprintTutorials/TutorialAssets/Tutorial_BP_Interface.uasset" 139
"../../../Engine/Content/Tutorial/Foliage/TutorialAssets/Foliage.uasset" 140
"../../../Engine/Content/Tutorial/Landscape/TutorialAssets/Landscape.uasset" 141
"../../../Engine/Content/Tutorial/Paper2D/TutorialAssets/Paper2DFlipbook_TutorialIcon.uasset" 142
"../../../Engine/Content/Tutorial/Paper2D/TutorialAssets/Paper2DSprite_TutorialIcon.uasset" 143
"../../../Engine/Content/Tutorial/SubEditors/TutorialAssets/icon_Editor_Preferences_General_40x.uasset" 144
"../../../Engine/Content/Tutorial/SubEditors/TutorialAssets/icon_ShowSkeletalMeshes_40x.uasset" 145
"../../../Engine/Content/Tutorial/SubEditors/TutorialAssets/TutorialMaterial.uasset" 146
"../../../Engine/Content/Tutorial/SubEditors/TutorialAssets/T_SmokeSubUV_8X8.uasset" 147
"../../../Engine/Content/Tutorial/SubEditors/TutorialAssets/T_soft_smoke.uasset" 148
"../../../Engine/Content/Tutorial/SubEditors/TutorialAssets/M_smoke_subUV_blackbody.uasset" 149
"../../../Engine/Content/Tutorial/SubEditors/TutorialAssets/TutorialParticleSystem.uasset" 150
"../../../Engine/Content/EditorMeshes/EditorCube.uasset" 151
"../../../Engine/Content/Tutorial/SubEditors/TutorialAssets/Tutorial_DM.uasset" 152
"../../../Engine/Content/VREditor/Devices/Generic/GenericHMDMaterial.uasset" 153
"../../../Engine/Content/VREditor/Devices/Generic/GenericHMD.uasset" 154
"../../../Engine/Content/VREditor/FloatingText/LineMaterial.uasset" 155
"../../../Engine/Content/VREditor/FloatingText/JointSphere.uasset" 156
"../../../Engine/Content/VREditor/FloatingText/LineSegmentCylinder.uasset" 157
"../../../Engine/Content/VREditor/Fonts/VRText_RobotoLarge.uasset" 158
"../../../Engine/Content/VREditor/Fonts/VRTextMaterial.uasset" 159
"../../../Engine/Content/VREditor/Fonts/TranslucentVRTextMaterial.uasset" 160
"../../../Engine/Content/VREditor/LaserPointer/CursorPointer.uasset" 161
"../../../Engine/Content/VREditor/LaserPointer/VR_LaserPower_01.uasset" 162
"../../../Engine/Content/VREditor/TransformGizmo/TransformGizmoMaterial.uasset" 163
"../../../Engine/Content/VREditor/LaserPointer/HoverMaterial.uasset" 164
"../../../Engine/Content/VREditor/TransformGizmo/TranslucentTransformGizmoMaterial.uasset" 165
"../../../Engine/Content/VREditor/LaserPointer/TranslucentHoverMaterial.uasset" 166
"../../../Engine/Content/VREditor/LaserPointer/HoverMesh.uasset" 167
"../../../Engine/Content/VREditor/LaserPointer/LaserPointerMaterial.uasset" 168
"../../../Engine/Content/VREditor/LaserPointer/LaserPointerMaterialInst.uasset" 169
"../../../Engine/Content/VREditor/LaserPointer/TranslucentLaserPointerMaterialInst.uasset" 170
"../../../Engine/Content/VREditor/LaserPointer/LaserPointerMesh.uasset" 171
"../../../Engine/Content/VREditor/LaserPointer/LaserPointerMesh_End.uasset" 172
"../../../Engine/Content/VREditor/LaserPointer/LaserPointerMesh_Start.uasset" 173
"../../../Engine/Content/Functions/Engine_MaterialFunctions02/Utility/BreakOutFloat3Components.uasset" 174
"../../../Engine/Content/Functions/Engine_MaterialFunctions02/Math/Transform3x3Matrix.uasset" 175
"../../../Engine/Content/Functions/Engine_MaterialFunctions02/SplitComponents.uasset" 176
"../../../Engine/Content/Functions/Engine_MaterialFunctions02/Utility/MakeFloat3.uasset" 177
"../../../Engine/Content/VREditor/SnapGrid/SnapGridMaterial.uasset" 178
"../../../Engine/Content/VREditor/SnapGrid/SnapGridPlaneMesh.uasset" 179
"../../../Engine/Content/VREditor/Sounds/VR_teleport.uasset" 180
"../../../Engine/Content/VREditor/Sounds/UI/Click_on_Button_Cue.uasset" 181
"../../../Engine/Content/VREditor/Sounds/UI/Dockable_Window_Close.uasset" 182
"../../../Engine/Content/VREditor/Sounds/UI/Dockable_Window_Drop.uasset" 183
"../../../Engine/Content/VREditor/Sounds/UI/Dockable_Window_Open.uasset" 184
"../../../Engine/Content/VREditor/Sounds/UI/Dockable_Window_Pick_Up.uasset" 185
"../../../Engine/Content/VREditor/Sounds/UI/Drop_Item_From_ContentBrowser.uasset" 186
"../../../Engine/Content/VREditor/Sounds/UI/Floating_UI_Open-001.uasset" 187
"../../../Engine/Content/VREditor/Sounds/UI/Gizmo_Handle_Clicked.uasset" 188
"../../../Engine/Content/VREditor/Sounds/UI/Object_PickUp.uasset" 189
"../../../Engine/Content/VREditor/Sounds/UI/Object_Snaps_To_Another_Actor.uasset" 190
"../../../Engine/Content/VREditor/Sounds/UI/Object_Snaps_To_Grid.uasset" 191
"../../../Engine/Content/VREditor/Sounds/UI/Radial_Menu_FadeOut.uasset" 192
"../../../Engine/Content/VREditor/Sounds/UI/Scaling_Down.uasset" 193
"../../../Engine/Content/VREditor/Sounds/UI/Scaling_Up.uasset" 194
"../../../Engine/Content/VREditor/Sounds/UI/Selection_Changes.uasset" 195
"../../../Engine/Content/VREditor/Sounds/UI/Teleport_Mode_Entered.uasset" 196
"../../../Engine/Content/VREditor/Teleport/TeleportDirectionMaterial.uasset" 197
"../../../Engine/Content/VREditor/Teleport/TeleportDirectionMaterial_Inst.uasset" 198
"../../../Engine/Content/VREditor/Teleport/TeleportDirectionMesh.uasset" 199
"../../../Engine/Content/VREditor/TransformGizmo/BoundingBoxCorner.uasset" 200
"../../../Engine/Content/VREditor/TransformGizmo/BoundingBoxEdge.uasset" 201
"../../../Engine/Content/VREditor/TransformGizmo/PlaneTranslationHandle.uasset" 202
"../../../Engine/Content/VREditor/TransformGizmo/RotationHandleFull.uasset" 203
"../../../Engine/Content/VREditor/TransformGizmo/RotationHandleIndicator.uasset" 204
"../../../Engine/Content/VREditor/TransformGizmo/RotationHandleQuarter.uasset" 205
"../../../Engine/Content/VREditor/TransformGizmo/Main.uasset" 206
"../../../Engine/Content/VREditor/TransformGizmo/Xray.uasset" 207
"../../../Engine/Content/VREditor/TransformGizmo/SM_Dialog_Close.uasset" 208
"../../../Engine/Content/VREditor/TransformGizmo/SM_Dialog_Move.uasset" 209
"../../../Engine/Content/VREditor/TransformGizmo/SM_Sequencer_Key.uasset" 210
"../../../Engine/Content/VREditor/TransformGizmo/StartRotationHandleIndicator.uasset" 211
"../../../Engine/Content/VREditor/TransformGizmo/TranslucentTransformGizmoMaterial_Inst.uasset" 212
"../../../Engine/Content/VREditor/TransformGizmo/TransformGizmoFreeRotation.uasset" 213
"../../../Engine/Content/VREditor/TransformGizmo/TransformGizmoMaterial_Inst.uasset" 214
"../../../Engine/Content/VREditor/TransformGizmo/TranslateArrowHandle.uasset" 215
"../../../Engine/Content/VREditor/TransformGizmo/UniformScaleHandle.uasset" 216
"../../../Engine/Content/VREditor/UI/KeyDiskMaterial.uasset" 217
"../../../Engine/Content/VREditor/UI/DiscMaterial.uasset" 218
"../../../Engine/Content/VREditor/UI/SM_Radial_Disk.uasset" 219
"../../../Engine/Content/Functions/Engine_MaterialFunctions01/Gradient/RadialGradient.uasset" 220
"../../../Engine/Content/VREditor/WorldMovementGrid/SimpleGrid.uasset" 221
"../../../Engine/Content/VREditor/WorldMovementGrid/GridMaterial.uasset" 222
"../../../Engine/Content/Functions/Engine_MaterialFunctions01/Density/ExponentialDensity.uasset" 223
"../../../Engine/Content/VREditor/WorldMovementGrid/GridPostProcess.uasset" 224
"../../../Engine/Content/EditorLandscapeResources/FlattenHeightMat.uasset" 225
"../../../Engine/Content/VREditor/WorldMovementGrid/PlaneMesh.uasset" 226
"../../../Engine/Plugins/2D/Paper2D/Content/PlaceholderTextures/DummySpriteTexture.uasset" 227
"../../../Engine/Plugins/2D/Paper2D/Content/DummySprite.uasset" 228
"../../../Engine/Plugins/2D/Paper2D/Content/DefaultPaperTerrainMaterial.uasset" 229
"../../../Engine/Plugins/2D/Paper2D/Content/DefaultSpriteMaterial.uasset" 230
"../../../Engine/Plugins/2D/Paper2D/Content/MaskedUnlitSpriteMaterial.uasset" 231
"../../../Engine/Plugins/2D/Paper2D/Content/OpaqueUnlitSpriteMaterial.uasset" 232
"../../../Engine/Plugins/Runtime/Oculus/OculusVR/Content/Textures/GearVRController_AO.uasset" 233
"../../../Engine/Plugins/Runtime/Oculus/OculusVR/Content/Textures/GearVRController_Color.uasset" 234
"../../../Engine/Plugins/Runtime/Oculus/OculusVR/Content/Textures/GearVRController_Normal.uasset" 235
"../../../Engine/Plugins/Runtime/Oculus/OculusVR/Content/Materials/GearVRControllerMaterial.uasset" 236
"../../../Engine/Plugins/Runtime/Oculus/OculusVR/Content/Meshes/GearVrController.uasset" 237
"../../../DrAward/Content/BP/AwardScoreStruct.uasset" 238
"../../../DrAward/Content/BP/BP_AwardSaveGame.uasset" 239
"../../../DrAward/Content/Mesh/award_Skeleton.uasset" 240
"../../../DrAward/Content/Animation/deth.uasset" 241
"../../../DrAward/Content/Animation/idle.uasset" 242
"../../../DrAward/Content/Audio/footstep-high.uasset" 243
"../../../DrAward/Content/Audio/footstep-low.uasset" 244
"../../../DrAward/Content/Audio/footstepCue.uasset" 245
"../../../DrAward/Content/Animation/run.uasset" 246
"../../../DrAward/Content/Animation/victory.uasset" 247
"../../../DrAward/Content/Font/Go_2_Old_Western.uasset" 248
"../../../DrAward/Content/Font/Go_2_Old_Western_Font.uasset" 249
"../../../DrAward/Content/Texture/ui_loading.uasset" 250
"../../../DrAward/Content/Texture/ui_loading_bg.uasset" 251
"../../../DrAward/Content/UI/W_Loading.uasset" 252
"../../../DrAward/Content/BP/AwardGameInstance.uasset" 253
"../../../DrAward/Content/Animation/BPAnim_Award1.uasset" 254
"../../../Engine/Content/EditorBlueprintResources/StandardMacros.uasset" 255
"../../../DrAward/Content/BP/BP_AwardPlayerController.uasset" 256
"../../../DrAward/Content/Audio/death_voice.uasset" 257
"../../../DrAward/Content/Texture/brick_bc.uasset" 258
"../../../DrAward/Content/Texture/brick_n.uasset" 259
"../../../DrAward/Content/Texture/brick_orm.uasset" 260
"../../../DrAward/Content/Material/M_Master.uasset" 261
"../../../DrAward/Content/Texture/award_bc.uasset" 262
"../../../DrAward/Content/Texture/award_n.uasset" 263
"../../../DrAward/Content/Texture/award_orm.uasset" 264
"../../../DrAward/Content/Material/MI_Award.uasset" 265
"../../../DrAward/Content/Mesh/award_PhysicsAsset.uasset" 266
"../../../DrAward/Content/Mesh/award.uasset" 267
"../../../DrAward/Content/BP/BP_Award.uasset" 268
"../../../DrAward/Content/Audio/fire.uasset" 269
"../../../DrAward/Content/Material/MF_particle.uasset" 270
"../../../DrAward/Content/Texture/cloud.uasset" 271
"../../../DrAward/Content/Material/M_Cloud.uasset" 272
"../../../Engine/Content/Functions/Engine_MaterialFunctions01/Gradient/RadialGradientExponential.uasset" 273
"../../../DrAward/Content/Material/M_Ember.uasset" 274
"../../../DrAward/Content/FX/P_Fire.uasset" 275
"../../../DrAward/Content/Texture/torch_bc.uasset" 276
"../../../DrAward/Content/Texture/torch_n.uasset" 277
"../../../DrAward/Content/Texture/torch_orm.uasset" 278
"../../../DrAward/Content/Material/MI_Torch.uasset" 279
"../../../DrAward/Content/Mesh/torch.uasset" 280
"../../../DrAward/Content/BP/BP_Torch.uasset" 281
"../../../DrAward/Content/Map/End_BuiltData.uasset" 282
"../../../DrAward/Content/Audio/game_clear.uasset" 283
"../../../DrAward/Content/Audio/game_over.uasset" 284
"../../../Engine/Content/Functions/Engine_MaterialFunctions01/Gradient/LinearGradient.uasset" 285
"../../../Engine/Content/Functions/Engine_MaterialFunctions02/ValueStep.uasset" 286
"../../../DrAward/Content/Material/M_Confetti.uasset" 287
"../../../DrAward/Content/FX/P_Confetti.uasset" 288
"../../../DrAward/Content/Mesh/plane.uasset" 289
"../../../DrAward/Content/BP/MyFunctionLibrary.uasset" 290
"../../../DrAward/Content/Audio/button_on.uasset" 291
"../../../DrAward/Content/Audio/button_ov.uasset" 292
"../../../DrAward/Content/Texture/ui_btn.uasset" 293
"../../../DrAward/Content/Texture/ui_btn-hover.uasset" 294
"../../../DrAward/Content/Texture/ui_icn-time.uasset" 295
"../../../DrAward/Content/UI/W_End.uasset" 296
"../../../DrAward/Content/Map/End.umap" 297
"../../../DrAward/Content/Audio/bgm.uasset" 298
"../../../DrAward/Content/Texture/ui_icn-heart.uasset" 299
"../../../DrAward/Content/Texture/ui_icn-item.uasset" 300
"../../../DrAward/Content/UI/W_Play.uasset" 301
"../../../DrAward/Content/Texture/ui_map.uasset" 302
"../../../DrAward/Content/UI/W_Tutorial.uasset" 303
"../../../DrAward/Content/BP/BP_AwardGameMode.uasset" 304
"../../../DrAward/Content/Map/Main_BuiltData.uasset" 305
"../../../DrAward/Content/Map/Main.umap" 306
"../../../DrAward/Content/Mesh/skeleton_Skeleton.uasset" 307
"../../../DrAward/Content/Animation/enemy_walk.uasset" 308
"../../../DrAward/Content/Animation/BPAnim_Skeleton.uasset" 309
"../../../DrAward/Content/BP/BP_SkeletonController.uasset" 310
"../../../DrAward/Content/Texture/skeleton_bc.uasset" 311
"../../../DrAward/Content/Texture/skeleton_n.uasset" 312
"../../../DrAward/Content/Texture/skeleton_orm.uasset" 313
"../../../DrAward/Content/Material/MI_Skeleton.uasset" 314
"../../../DrAward/Content/Mesh/skeleton_PhysicsAsset.uasset" 315
"../../../DrAward/Content/Mesh/skeleton.uasset" 316
"../../../DrAward/Content/BP/BP_Skeleton.uasset" 317
"../../../DrAward/Content/Audio/rock.uasset" 318
"../../../DrAward/Content/Texture/rock_bc.uasset" 319
"../../../DrAward/Content/Texture/rock_n.uasset" 320
"../../../DrAward/Content/Texture/rock_orm.uasset" 321
"../../../DrAward/Content/Material/MI_Rock.uasset" 322
"../../../DrAward/Content/Mesh/rock.uasset" 323
"../../../DrAward/Content/BP/BP_Rock.uasset" 324
"../../../DrAward/Content/Material/M_HoleWall.uasset" 325
"../../../DrAward/Content/Mesh/hole_wall.uasset" 326
"../../../DrAward/Content/BP/BP_TrapRock.uasset" 327
"../../../DrAward/Content/Audio/item_pickup.uasset" 328
"../../../DrAward/Content/Audio/kirakira.uasset" 329
"../../../DrAward/Content/Audio/kirakiraCue.uasset" 330
"../../../Engine/Content/Functions/Engine_MaterialFunctions01/Gradient/DiamondGradient.uasset" 331
"../../../DrAward/Content/Material/M_Glitter.uasset" 332
"../../../DrAward/Content/FX/P_Glitter.uasset" 333
"../../../DrAward/Content/FX/P_GlitterBurst.uasset" 334
"../../../DrAward/Content/Material/M_Diamond.uasset" 335
"../../../DrAward/Content/Mesh/diamond.uasset" 336
"../../../DrAward/Content/BP/BP_Diamond.uasset" 337
"../../../DrAward/Content/Audio/trap_arrow.uasset" 338
"../../../DrAward/Content/Material/M_Metal.uasset" 339
"../../../DrAward/Content/Mesh/trap_arrow.uasset" 340
"../../../DrAward/Content/Material/MI_Brick.uasset" 341
"../../../DrAward/Content/Mesh/trap_floor.uasset" 342
"../../../DrAward/Content/BP/BP_TrapArrow.uasset" 343
"../../../DrAward/Content/Audio/stair.uasset" 344
"../../../DrAward/Content/Mesh/stair.uasset" 345
"../../../DrAward/Content/BP/BP_StairGoal.uasset" 346
"../../../DrAward/Content/Material/M_Roof.uasset" 347
"../../../DrAward/Content/BP/BP_StairStart.uasset" 348
"../../../DrAward/Content/Map/Stage1_BuiltData.uasset" 349
"../../../DrAward/Content/Mesh/wall_box.uasset" 350
"../../../DrAward/Content/Map/Stage1.umap" 351
"../../../DrAward/Content/Map/Stage2_BuiltData.uasset" 352
"../../../DrAward/Content/Map/Stage2.umap" 353
"../../../DrAward/Content/Map/Stage3_BuiltData.uasset" 354
"../../../DrAward/Content/Map/Stage3.umap" 355
"../../../DrAward/Content/Map/Start_BuiltData.uasset" 356
"../../../DrAward/Content/Audio/start.uasset" 357
"../../../DrAward/Content/Texture/ui_medal1.uasset" 358
"../../../DrAward/Content/Texture/ui_medal2.uasset" 359
"../../../DrAward/Content/Texture/ui_medal3.uasset" 360
"../../../DrAward/Content/UI/W_Score.uasset" 361
"../../../DrAward/Content/Audio/button_on_start.uasset" 362
"../../../DrAward/Content/Texture/ui_logo.uasset" 363
"../../../DrAward/Content/Texture/ui_start_bg.uasset" 364
"../../../DrAward/Content/UI/W_Start.uasset" 365
"../../../DrAward/Content/UI/W_ScoreBoard.uasset" 366
"../../../DrAward/Content/Map/Start.umap" 367
"../../../DrAward/Content/Map/Studio_BuiltData.uasset" 368
"../../../Engine/Content/BasicShapes/BasicShapeMaterial.uasset" 369
"../../../Engine/Content/BasicShapes/Plane.uasset" 370
"../../../DrAward/Content/Map/Studio.umap" 371
"../../../Engine/Content/EngineSky/C_Sky_Cloud_Color.uasset" 372
"../../../Engine/Content/EngineSky/C_Sky_Horizon_Color.uasset" 373
"../../../Engine/Content/EngineSky/C_Sky_Zenith_Color.uasset" 374
"../../../Engine/Content/EngineSky/T_Sky_Blue.uasset" 375
"../../../Engine/Content/EngineSky/T_Sky_Clouds_M.uasset" 376
"../../../Engine/Content/EngineSky/T_Sky_Stars.uasset" 377
"../../../Engine/Content/EngineSky/M_Sky_Panning_Clouds2.uasset" 378
"../../../Engine/Content/EngineSky/SM_SkySphere.uasset" 379
"../../../Engine/Content/EngineSky/BP_Sky_Sphere.uasset" 380
"../../../DrAward/Content/Map/Test_BuiltData.uasset" 381
"../../../Engine/Content/MapTemplates/SM_Template_Map_Floor.uasset" 382
"../../../DrAward/Content/Map/Test.umap" 383
"../../../Engine/Content/Maps/Entry.umap" 384
"../../../Engine/Content/Maps/Templates/Template_Default_BuiltData.uasset" 385
"../../../Engine/Content/Maps/Templates/Template_Default.umap" 386
