Log file open, 11/13/22 20:14:56
LogWindows: Failed to load 'aqProf.dll' (GetLastError=126)
LogWindows: File 'aqProf.dll' does not exist
LogWindows: Failed to load 'VtuneApi.dll' (GetLastError=126)
LogWindows: File 'VtuneApi.dll' does not exist
LogWindows: Failed to load 'VtuneApi32e.dll' (GetLastError=126)
LogWindows: File 'VtuneApi32e.dll' does not exist
LogConsoleResponse: Display: Failed to find resolution value strings in scalability ini. Falling back to default.
LogConsoleResponse: Display: Failed to find resolution value strings in scalability ini. Falling back to default.
LogInit: Display: Running engine for game: DrAward
LogPlatformFile: Not using cached read wrapper
LogTaskGraph: Started task graph with 5 named threads and 47 total threads with 3 sets of task threads.
LogStats: Stats thread started at 0.199572
LogICUInternationalization: ICU TimeZone Detection - Raw Offset: +9:00, Platform Override: ''
LogInit: Display: Loading text-based GConfig....
LogPluginManager: Mounting plugin MeshPainting
LogPluginManager: Mounting plugin XGEController
LogPluginManager: Mounting plugin Paper2D
LogPluginManager: Mounting plugin AISupport
LogPluginManager: Mounting plugin LiveLink
LogPluginManager: Mounting plugin EnvironmentQueryEditor
LogPluginManager: Mounting plugin LightPropagationVolume
LogPluginManager: Mounting plugin CameraShakePreviewer
LogPluginManager: Mounting plugin OodleData
LogPluginManager: Mounting plugin GameplayCameras
LogPluginManager: Mounting plugin OodleNetwork
LogPluginManager: Mounting plugin AnimationSharing
LogPluginManager: Mounting plugin AssetManagerEditor
LogPluginManager: Mounting plugin CLionSourceCodeAccess
LogPluginManager: Mounting plugin CryptoKeys
LogPluginManager: Mounting plugin CurveEditorTools
LogPluginManager: Mounting plugin DataValidation
LogPluginManager: Mounting plugin FacialAnimation
LogPluginManager: Mounting plugin CodeLiteSourceCodeAccess
LogPluginManager: Mounting plugin GitSourceControl
LogPluginManager: Mounting plugin GeometryMode
LogPluginManager: Mounting plugin GameplayTagsEditor
LogPluginManager: Mounting plugin MaterialAnalyzer
LogPluginManager: Mounting plugin KDevelopSourceCodeAccess
LogPluginManager: Mounting plugin MacGraphicsSwitching
LogPluginManager: Mounting plugin NullSourceCodeAccess
LogPluginManager: Mounting plugin PerforceSourceControl
LogPluginManager: Mounting plugin MobileLauncherProfileWizard
LogPluginManager: Mounting plugin PluginBrowser
LogPluginManager: Mounting plugin SpeedTreeImporter
LogPluginManager: Mounting plugin PixWinPlugin
LogPluginManager: Mounting plugin PluginUtils
LogPluginManager: Mounting plugin PropertyAccessNode
LogPluginManager: Mounting plugin AlembicImporter
LogPluginManager: Mounting plugin PlasticSourceControl
LogPluginManager: Mounting plugin AutomationUtils
LogPluginManager: Mounting plugin BackChannel
LogPluginManager: Mounting plugin RiderSourceCodeAccess
LogPluginManager: Mounting plugin SubversionSourceControl
LogPluginManager: Mounting plugin TextureFormatOodle
LogPluginManager: Mounting plugin UObjectPlugin
LogPluginManager: Mounting plugin XCodeSourceCodeAccess
LogPluginManager: Mounting plugin VisualStudioSourceCodeAccess
LogPluginManager: Mounting plugin VisualStudioCodeSourceCodeAccess
LogPluginManager: Mounting plugin ChaosClothEditor
LogPluginManager: Mounting plugin ChaosCloth
LogPluginManager: Mounting plugin ChaosEditor
LogPluginManager: Mounting plugin ChaosNiagara
LogPluginManager: Mounting plugin CharacterAI
LogPluginManager: Mounting plugin ChaosSolverPlugin
LogPluginManager: Mounting plugin GeometryCache
LogPluginManager: Mounting plugin GeometryCollectionPlugin
LogPluginManager: Mounting plugin GeometryProcessing
LogPluginManager: Mounting plugin MotoSynth
LogPluginManager: Mounting plugin OpenImageDenoise
LogPluginManager: Mounting plugin PlanarCut
LogPluginManager: Mounting plugin PlatformCrypto
LogPluginManager: Mounting plugin ProxyLODPlugin
LogPluginManager: Mounting plugin PythonScriptPlugin
LogPluginManager: Mounting plugin DatasmithContent
LogPluginManager: Mounting plugin SkeletalReduction
LogPluginManager: Mounting plugin LuminPlatformFeatures
LogPluginManager: Mounting plugin VariantManagerContent
LogPluginManager: Mounting plugin MagicLeap
LogPluginManager: Mounting plugin Niagara
LogPluginManager: Mounting plugin MagicLeapLightEstimation
LogPluginManager: Mounting plugin MagicLeapMedia
LogPluginManager: Mounting plugin AndroidMedia
LogPluginManager: Mounting plugin MagicLeapPassableWorld
LogPluginManager: Mounting plugin MLSDK
LogPluginManager: Mounting plugin AvfMedia
LogPluginManager: Mounting plugin ImgMedia
LogPluginManager: Mounting plugin MediaCompositing
LogPluginManager: Mounting plugin TcpMessaging
LogPluginManager: Mounting plugin MediaPlayerEditor
LogPluginManager: Mounting plugin UdpMessaging
LogPluginManager: Mounting plugin WmfMedia
LogPluginManager: Mounting plugin WebMMedia
LogPluginManager: Mounting plugin ActorSequence
LogPluginManager: Mounting plugin LevelSequenceEditor
LogPluginManager: Mounting plugin MatineeToLevelSequence
LogPluginManager: Mounting plugin TemplateSequence
LogPluginManager: Mounting plugin OnlineSubsystem
LogPluginManager: Mounting plugin LauncherChunkInstaller
LogPluginManager: Mounting plugin ActorLayerUtilities
LogPluginManager: Mounting plugin OnlineSubsystemNull
LogPluginManager: Mounting plugin AndroidDeviceProfileSelector
LogPluginManager: Mounting plugin AndroidMoviePlayer
LogPluginManager: Mounting plugin OnlineSubsystemUtils
LogPluginManager: Mounting plugin AndroidPermission
LogPluginManager: Mounting plugin AppleImageUtils
LogPluginManager: Mounting plugin AppleMoviePlayer
LogPluginManager: Mounting plugin ArchVisCharacter
LogPluginManager: Mounting plugin AudioCapture
LogPluginManager: Mounting plugin AssetTags
LogPluginManager: Mounting plugin AudioSynesthesia
LogPluginManager: Mounting plugin CableComponent
LogPluginManager: Mounting plugin ChunkDownloader
LogPluginManager: Mounting plugin CustomMeshComponent
LogPluginManager: Mounting plugin EditableMesh
LogPluginManager: Mounting plugin ExampleDeviceProfileSelector
LogPluginManager: Mounting plugin GooglePAD
LogPluginManager: Mounting plugin GoogleCloudMessaging
LogPluginManager: Mounting plugin IOSDeviceProfileSelector
LogPluginManager: Mounting plugin LinuxDeviceProfileSelector
LogPluginManager: Mounting plugin LocationServicesBPLibrary
LogPluginManager: Mounting plugin MobilePatchingUtils
LogPluginManager: Mounting plugin OpenXR
LogPluginManager: Mounting plugin OpenXREyeTracker
LogPluginManager: Mounting plugin OpenXRHandTracking
LogPluginManager: Mounting plugin PhysXVehicles
LogPluginManager: Mounting plugin PostSplashScreen
LogPluginManager: Mounting plugin ProceduralMeshComponent
LogPluginManager: Mounting plugin PropertyAccessEditor
LogPluginManager: Mounting plugin RuntimePhysXCooking
LogPluginManager: Mounting plugin SignificanceManager
LogPluginManager: Mounting plugin SoundFields
LogPluginManager: Mounting plugin Synthesis
LogPluginManager: Mounting plugin WebMMoviePlayer
LogPluginManager: Mounting plugin WindowsMoviePlayer
LogPluginManager: Mounting plugin ScreenshotTools
LogPluginManager: Mounting plugin MultiUserTakes
LogPluginManager: Mounting plugin Takes
LogPluginManager: Mounting plugin ContentBrowserAssetDataSource
LogPluginManager: Mounting plugin ContentBrowserClassDataSource
LogPluginManager: Mounting plugin ContentBrowserFileDataSource
LogPluginManager: Mounting plugin ConcertMain
LogPluginManager: Mounting plugin MultiUserClient
LogPluginManager: Mounting plugin OnlineSubsystemIOS
LogPluginManager: Mounting plugin OnlineSubsystemGooglePlay
LogPluginManager: Mounting plugin SQLiteCore
LogPluginManager: Mounting plugin OculusVR
LogPluginManager: Mounting plugin SteamVR
LogPluginManager: Mounting plugin ConcertSyncClient
LogPluginManager: Mounting plugin ConcertSyncCore
PixWinPlugin: PIX capture plugin failed to initialize! Check that the process is launched from PIX.
LogInit: Using libcurl 7.55.1-DEV
LogInit:  - built for x86_64-pc-win32
LogInit:  - supports SSL with OpenSSL/1.1.1
LogInit:  - supports HTTP deflate (compression) using libz 1.2.8
LogInit:  - other features:
LogInit:      CURL_VERSION_SSL
LogInit:      CURL_VERSION_LIBZ
LogInit:      CURL_VERSION_IPV6
LogInit:      CURL_VERSION_ASYNCHDNS
LogInit:      CURL_VERSION_LARGEFILE
LogInit:      CURL_VERSION_IDN
LogInit:  CurlRequestOptions (configurable via config and command line):
LogInit:  - bVerifyPeer = true  - Libcurl will verify peer certificate
LogInit:  - bUseHttpProxy = false  - Libcurl will NOT use HTTP proxy
LogInit:  - bDontReuseConnections = false  - Libcurl will reuse connections
LogInit:  - MaxHostConnections = 16  - Libcurl will limit the number of connections to a host
LogInit:  - LocalHostAddr = Default
LogInit:  - BufferSize = 65536
LogOnline: OSS: Creating online subsystem instance for: NULL
LogInit: WinSock: version 1.1 (2.2), MaxSocks=32767, MaxUdp=65467
LogOnline: OSS: TryLoadSubsystemAndSetDefault: Loaded subsystem for module [NULL]
LogOculusPluginWrapper: OculusPlugin initialized successfully
LogHMD: Failed initializing OVRPlugin 1.59.0
LogInit: Build: ++UE4+Release-4.27-CL-18319896
LogInit: Engine Version: 4.27.2-18319896+++UE4+Release-4.27
LogInit: Compatible Engine Version: 4.27.0-17155196+++UE4+Release-4.27
LogInit: Net CL: 17155196
LogInit: OS: Windows 10 (Release 2009) (), CPU: 11th Gen Intel(R) Core(TM) i7-11700 @ 2.50GHz, GPU: NVIDIA GeForce RTX 3060 Ti
LogInit: Compiled (64-bit): Nov 30 2021 07:12:08
LogInit: Compiled with Visual C++: 19.24.28315.00
LogInit: Build Configuration: Development
LogInit: Branch Name: ++UE4+Release-4.27
LogInit: Command Line: 
LogInit: Base Directory: D:/Program Files (x86)/UE_4.27/Engine/Binaries/Win64/
LogInit: Allocator: TBB
LogInit: Installed Engine Build: 1
LogDevObjectVersion: Number of dev versions registered: 29
LogDevObjectVersion:   Dev-Blueprints (B0D832E4-1F89-4F0D-ACCF-7EB736FD4AA2): 10
LogDevObjectVersion:   Dev-Build (E1C64328-A22C-4D53-A36C-8E866417BD8C): 0
LogDevObjectVersion:   Dev-Core (375EC13C-06E4-48FB-B500-84F0262A717E): 4
LogDevObjectVersion:   Dev-Editor (E4B068ED-F494-42E9-A231-DA0B2E46BB41): 40
LogDevObjectVersion:   Dev-Framework (CFFC743F-43B0-4480-9391-14DF171D2073): 37
LogDevObjectVersion:   Dev-Mobile (B02B49B5-BB20-44E9-A304-32B752E40360): 3
LogDevObjectVersion:   Dev-Networking (A4E4105C-59A1-49B5-A7C5-40C4547EDFEE): 0
LogDevObjectVersion:   Dev-Online (39C831C9-5AE6-47DC-9A44-9C173E1C8E7C): 0
LogDevObjectVersion:   Dev-Physics (78F01B33-EBEA-4F98-B9B4-84EACCB95AA2): 14
LogDevObjectVersion:   Dev-Platform (6631380F-2D4D-43E0-8009-CF276956A95A): 0
LogDevObjectVersion:   Dev-Rendering (12F88B9F-8875-4AFC-A67C-D90C383ABD29): 45
LogDevObjectVersion:   Dev-Sequencer (7B5AE74C-D270-4C10-A958-57980B212A5A): 13
LogDevObjectVersion:   Dev-VR (D7296918-1DD6-4BDD-9DE2-64A83CC13884): 3
LogDevObjectVersion:   Dev-LoadTimes (C2A15278-BFE7-4AFE-6C17-90FF531DF755): 1
LogDevObjectVersion:   Private-Geometry (6EACA3D4-40EC-4CC1-B786-8BED09428FC5): 3
LogDevObjectVersion:   Dev-AnimPhys (29E575DD-E0A3-4627-9D10-D276232CDCEA): 17
LogDevObjectVersion:   Dev-Anim (AF43A65D-7FD3-4947-9873-3E8ED9C1BB05): 15
LogDevObjectVersion:   Dev-ReflectionCapture (6B266CEC-1EC7-4B8F-A30B-E4D90942FC07): 1
LogDevObjectVersion:   Dev-Automation (0DF73D61-A23F-47EA-B727-89E90C41499A): 1
LogDevObjectVersion:   FortniteMain (601D1886-AC64-4F84-AA16-D3DE0DEAC7D6): 47
LogDevObjectVersion:   FortniteRelease (E7086368-6B23-4C58-8439-1B7016265E91): 1
LogDevObjectVersion:   Dev-Enterprise (9DFFBCD6-494F-0158-E221-12823C92A888): 10
LogDevObjectVersion:   Dev-Niagara (F2AED0AC-9AFE-416F-8664-AA7FFA26D6FC): 1
LogDevObjectVersion:   Dev-Destruction (174F1F0B-B4C6-45A5-B13F-2EE8D0FB917D): 10
LogDevObjectVersion:   Dev-Physics-Ext (35F94A83-E258-406C-A318-09F59610247C): 41
LogDevObjectVersion:   Dev-PhysicsMaterial-Chaos (B68FC16E-8B1B-42E2-B453-215C058844FE): 1
LogDevObjectVersion:   Dev-CineCamera (B2E18506-4273-CFC2-A54E-F4BB758BBA07): 1
LogDevObjectVersion:   Dev-VirtualProduction (64F58936-FD1B-42BA-BA96-7289D5D0FA4E): 1
LogDevObjectVersion:   Dev-MediaFramework (6F0ED827-A609-4895-9C91-998D90180EA4): 2
LogInit: Presizing for max 25165824 objects, including 0 objects not considered by GC, pre-allocating 0 bytes for permanent pool.
LogConfig: Applying CVar settings from Section [/Script/Engine.StreamingSettings] File [D:/UE/UE4_THunter/Saved/Config/Windows/Engine.ini]
LogConfig: Setting CVar [[s.MinBulkDataSizeForAsyncLoading:131072]]
LogConfig: Setting CVar [[s.AsyncLoadingThreadEnabled:0]]
LogConfig: Setting CVar [[s.EventDrivenLoaderEnabled:1]]
LogConfig: Setting CVar [[s.WarnIfTimeLimitExceeded:0]]
LogConfig: Setting CVar [[s.TimeLimitExceededMultiplier:1.5]]
LogConfig: Setting CVar [[s.TimeLimitExceededMinTime:0.005]]
LogConfig: Setting CVar [[s.UseBackgroundLevelStreaming:1]]
LogConfig: Setting CVar [[s.PriorityAsyncLoadingExtraTime:15.0]]
LogConfig: Setting CVar [[s.LevelStreamingActorsUpdateTimeLimit:5.0]]
LogConfig: Setting CVar [[s.PriorityLevelStreamingActorsUpdateExtraTime:5.0]]
LogConfig: Setting CVar [[s.LevelStreamingComponentsRegistrationGranularity:10]]
LogConfig: Setting CVar [[s.UnregisterComponentsTimeLimit:1.0]]
LogConfig: Setting CVar [[s.LevelStreamingComponentsUnregistrationGranularity:5]]
LogConfig: Setting CVar [[s.FlushStreamingOnExit:1]]
LogInit: Object subsystem initialized
LogConfig: Setting CVar [[con.DebugEarlyDefault:1]]
LogConfig: Setting CVar [[r.setres:1280x720]]
[2022.11.13-11.14.56:845][  0]LogConfig: Setting CVar [[r.VSync:0]]
[2022.11.13-11.14.56:845][  0]LogConfig: Setting CVar [[r.RHICmdBypass:0]]
[2022.11.13-11.14.56:845][  0]LogConfig: Applying CVar settings from Section [/Script/Engine.RendererSettings] File [D:/UE/UE4_THunter/Saved/Config/Windows/Engine.ini]
[2022.11.13-11.14.56:845][  0]LogConfig: Setting CVar [[r.GPUCrashDebugging:0]]
[2022.11.13-11.14.56:845][  0]LogConfig: Applying CVar settings from Section [/Script/Engine.RendererOverrideSettings] File [D:/UE/UE4_THunter/Saved/Config/Windows/Engine.ini]
[2022.11.13-11.14.56:845][  0]LogConfig: Applying CVar settings from Section [/Script/Engine.StreamingSettings] File [D:/UE/UE4_THunter/Saved/Config/Windows/Engine.ini]
[2022.11.13-11.14.56:845][  0]LogConfig: Setting CVar [[s.MinBulkDataSizeForAsyncLoading:131072]]
[2022.11.13-11.14.56:845][  0]LogConfig: Setting CVar [[s.AsyncLoadingThreadEnabled:0]]
[2022.11.13-11.14.56:845][  0]LogConfig: Setting CVar [[s.EventDrivenLoaderEnabled:1]]
[2022.11.13-11.14.56:845][  0]LogConfig: Setting CVar [[s.WarnIfTimeLimitExceeded:0]]
[2022.11.13-11.14.56:845][  0]LogConfig: Setting CVar [[s.TimeLimitExceededMultiplier:1.5]]
[2022.11.13-11.14.56:845][  0]LogConfig: Setting CVar [[s.TimeLimitExceededMinTime:0.005]]
[2022.11.13-11.14.56:845][  0]LogConfig: Setting CVar [[s.UseBackgroundLevelStreaming:1]]
[2022.11.13-11.14.56:845][  0]LogConfig: Setting CVar [[s.PriorityAsyncLoadingExtraTime:15.0]]
[2022.11.13-11.14.56:845][  0]LogConfig: Setting CVar [[s.LevelStreamingActorsUpdateTimeLimit:5.0]]
[2022.11.13-11.14.56:845][  0]LogConfig: Setting CVar [[s.PriorityLevelStreamingActorsUpdateExtraTime:5.0]]
[2022.11.13-11.14.56:845][  0]LogConfig: Setting CVar [[s.LevelStreamingComponentsRegistrationGranularity:10]]
[2022.11.13-11.14.56:845][  0]LogConfig: Setting CVar [[s.UnregisterComponentsTimeLimit:1.0]]
[2022.11.13-11.14.56:845][  0]LogConfig: Setting CVar [[s.LevelStreamingComponentsUnregistrationGranularity:5]]
[2022.11.13-11.14.56:845][  0]LogConfig: Setting CVar [[s.FlushStreamingOnExit:1]]
[2022.11.13-11.14.56:845][  0]LogConfig: Applying CVar settings from Section [/Script/Engine.GarbageCollectionSettings] File [D:/UE/UE4_THunter/Saved/Config/Windows/Engine.ini]
[2022.11.13-11.14.56:845][  0]LogConfig: Setting CVar [[gc.MaxObjectsNotConsideredByGC:1]]
[2022.11.13-11.14.56:845][  0]LogConfig: Setting CVar [[gc.SizeOfPermanentObjectPool:0]]
[2022.11.13-11.14.56:845][  0]LogConfig: Setting CVar [[gc.FlushStreamingOnGC:0]]
[2022.11.13-11.14.56:846][  0]LogConfig: Setting CVar [[gc.NumRetriesBeforeForcingGC:10]]
[2022.11.13-11.14.56:846][  0]LogConfig: Setting CVar [[gc.AllowParallelGC:1]]
[2022.11.13-11.14.56:846][  0]LogConfig: Setting CVar [[gc.TimeBetweenPurgingPendingKillObjects:61.1]]
[2022.11.13-11.14.56:846][  0]LogConfig: Setting CVar [[gc.MaxObjectsInEditor:25165824]]
[2022.11.13-11.14.56:846][  0]LogConfig: Setting CVar [[gc.IncrementalBeginDestroyEnabled:1]]
[2022.11.13-11.14.56:846][  0]LogConfig: Setting CVar [[gc.CreateGCClusters:1]]
[2022.11.13-11.14.56:846][  0]LogConfig: Setting CVar [[gc.MinGCClusterSize:5]]
[2022.11.13-11.14.56:846][  0]LogConfig: Setting CVar [[gc.ActorClusteringEnabled:0]]
[2022.11.13-11.14.56:846][  0]LogConfig: Setting CVar [[gc.BlueprintClusteringEnabled:0]]
[2022.11.13-11.14.56:846][  0]LogConfig: Setting CVar [[gc.UseDisregardForGCOnDedicatedServers:0]]
[2022.11.13-11.14.56:846][  0]LogConfig: Setting CVar [[gc.MultithreadedDestructionEnabled:1]]
[2022.11.13-11.14.56:846][  0]LogConfig: Applying CVar settings from Section [/Script/Engine.NetworkSettings] File [D:/UE/UE4_THunter/Saved/Config/Windows/Engine.ini]
[2022.11.13-11.14.56:846][  0]LogConfig: Applying CVar settings from Section [/Script/UnrealEd.CookerSettings] File [D:/UE/UE4_THunter/Saved/Config/Windows/Engine.ini]
[2022.11.13-11.14.56:865][  0]LogConfig: Applying CVar settings from Section [ViewDistanceQuality@3] File [D:/UE/UE4_THunter/Saved/Config/Windows/Scalability.ini]
[2022.11.13-11.14.56:865][  0]LogConfig: Setting CVar [[r.SkeletalMeshLODBias:0]]
[2022.11.13-11.14.56:865][  0]LogConfig: Setting CVar [[r.ViewDistanceScale:1.0]]
[2022.11.13-11.14.56:865][  0]LogConfig: Applying CVar settings from Section [AntiAliasingQuality@3] File [D:/UE/UE4_THunter/Saved/Config/Windows/Scalability.ini]
[2022.11.13-11.14.56:865][  0]LogConfig: Setting CVar [[r.PostProcessAAQuality:4]]
[2022.11.13-11.14.56:865][  0]LogConfig: Applying CVar settings from Section [ShadowQuality@3] File [D:/UE/UE4_THunter/Saved/Config/Windows/Scalability.ini]
[2022.11.13-11.14.56:865][  0]LogConfig: Setting CVar [[r.LightFunctionQuality:1]]
[2022.11.13-11.14.56:865][  0]LogConfig: Setting CVar [[r.ShadowQuality:5]]
[2022.11.13-11.14.56:865][  0]LogConfig: Setting CVar [[r.Shadow.CSM.MaxCascades:10]]
[2022.11.13-11.14.56:865][  0]LogConfig: Setting CVar [[r.Shadow.MaxResolution:2048]]
[2022.11.13-11.14.56:865][  0]LogConfig: Setting CVar [[r.Shadow.MaxCSMResolution:2048]]
[2022.11.13-11.14.56:865][  0]LogConfig: Setting CVar [[r.Shadow.RadiusThreshold:0.01]]
[2022.11.13-11.14.56:865][  0]LogConfig: Setting CVar [[r.Shadow.DistanceScale:1.0]]
[2022.11.13-11.14.56:865][  0]LogConfig: Setting CVar [[r.Shadow.CSM.TransitionScale:1.0]]
[2022.11.13-11.14.56:865][  0]LogConfig: Setting CVar [[r.Shadow.PreShadowResolutionFactor:1.0]]
[2022.11.13-11.14.56:865][  0]LogConfig: Setting CVar [[r.DistanceFieldShadowing:1]]
[2022.11.13-11.14.56:865][  0]LogConfig: Setting CVar [[r.DistanceFieldAO:1]]
[2022.11.13-11.14.56:865][  0]LogConfig: Setting CVar [[r.AOQuality:2]]
[2022.11.13-11.14.56:865][  0]LogConfig: Setting CVar [[r.VolumetricFog:1]]
[2022.11.13-11.14.56:865][  0]LogConfig: Setting CVar [[r.VolumetricFog.GridPixelSize:8]]
[2022.11.13-11.14.56:865][  0]LogConfig: Setting CVar [[r.VolumetricFog.GridSizeZ:128]]
[2022.11.13-11.14.56:865][  0]LogConfig: Setting CVar [[r.VolumetricFog.HistoryMissSupersampleCount:4]]
[2022.11.13-11.14.56:865][  0]LogConfig: Setting CVar [[r.LightMaxDrawDistanceScale:1]]
[2022.11.13-11.14.56:865][  0]LogConfig: Setting CVar [[r.CapsuleShadows:1]]
[2022.11.13-11.14.56:865][  0]LogConfig: Applying CVar settings from Section [PostProcessQuality@3] File [D:/UE/UE4_THunter/Saved/Config/Windows/Scalability.ini]
[2022.11.13-11.14.56:865][  0]LogConfig: Setting CVar [[r.MotionBlurQuality:4]]
[2022.11.13-11.14.56:865][  0]LogConfig: Setting CVar [[r.AmbientOcclusionMipLevelFactor:0.4]]
[2022.11.13-11.14.56:865][  0]LogConfig: Setting CVar [[r.AmbientOcclusionMaxQuality:100]]
[2022.11.13-11.14.56:865][  0]LogConfig: Setting CVar [[r.AmbientOcclusionLevels:-1]]
[2022.11.13-11.14.56:865][  0]LogConfig: Setting CVar [[r.AmbientOcclusionRadiusScale:1.0]]
[2022.11.13-11.14.56:865][  0]LogConfig: Setting CVar [[r.DepthOfFieldQuality:2]]
[2022.11.13-11.14.56:865][  0]LogConfig: Setting CVar [[r.RenderTargetPoolMin:400]]
[2022.11.13-11.14.56:865][  0]LogConfig: Setting CVar [[r.LensFlareQuality:2]]
[2022.11.13-11.14.56:865][  0]LogConfig: Setting CVar [[r.SceneColorFringeQuality:1]]
[2022.11.13-11.14.56:865][  0]LogConfig: Setting CVar [[r.EyeAdaptationQuality:2]]
[2022.11.13-11.14.56:865][  0]LogConfig: Setting CVar [[r.BloomQuality:5]]
[2022.11.13-11.14.56:865][  0]LogConfig: Setting CVar [[r.FastBlurThreshold:100]]
[2022.11.13-11.14.56:866][  0]LogConfig: Setting CVar [[r.Upscale.Quality:3]]
[2022.11.13-11.14.56:866][  0]LogConfig: Setting CVar [[r.Tonemapper.GrainQuantization:1]]
[2022.11.13-11.14.56:866][  0]LogConfig: Setting CVar [[r.LightShaftQuality:1]]
[2022.11.13-11.14.56:866][  0]LogConfig: Setting CVar [[r.Filter.SizeScale:1]]
[2022.11.13-11.14.56:866][  0]LogConfig: Setting CVar [[r.Tonemapper.Quality:5]]
[2022.11.13-11.14.56:866][  0]LogConfig: Setting CVar [[r.DOF.Gather.AccumulatorQuality:1        ; higher gathering accumulator quality]]
[2022.11.13-11.14.56:866][  0]LogConfig: Setting CVar [[r.DOF.Gather.PostfilterMethod:1          ; Median3x3 postfilering method]]
[2022.11.13-11.14.56:866][  0]LogConfig: Setting CVar [[r.DOF.Gather.EnableBokehSettings:0       ; no bokeh simulation when gathering]]
[2022.11.13-11.14.56:866][  0]LogConfig: Setting CVar [[r.DOF.Gather.RingCount:4                 ; medium number of samples when gathering]]
[2022.11.13-11.14.56:866][  0]LogConfig: Setting CVar [[r.DOF.Scatter.ForegroundCompositing:1    ; additive foreground scattering]]
[2022.11.13-11.14.56:866][  0]LogConfig: Setting CVar [[r.DOF.Scatter.BackgroundCompositing:2    ; additive background scattering]]
[2022.11.13-11.14.56:866][  0]LogConfig: Setting CVar [[r.DOF.Scatter.EnableBokehSettings:1      ; bokeh simulation when scattering]]
[2022.11.13-11.14.56:866][  0]LogConfig: Setting CVar [[r.DOF.Scatter.MaxSpriteRatio:0.1         ; only a maximum of 10% of scattered bokeh]]
[2022.11.13-11.14.56:866][  0]LogConfig: Setting CVar [[r.DOF.Recombine.Quality:1                ; cheap slight out of focus]]
[2022.11.13-11.14.56:866][  0]LogConfig: Setting CVar [[r.DOF.Recombine.EnableBokehSettings:0    ; no bokeh simulation on slight out of focus]]
[2022.11.13-11.14.56:866][  0]LogConfig: Setting CVar [[r.DOF.TemporalAAQuality:1                ; more stable temporal accumulation]]
[2022.11.13-11.14.56:866][  0]LogConfig: Setting CVar [[r.DOF.Kernel.MaxForegroundRadius:0.025]]
[2022.11.13-11.14.56:866][  0]LogConfig: Setting CVar [[r.DOF.Kernel.MaxBackgroundRadius:0.025]]
[2022.11.13-11.14.56:866][  0]LogConfig: Applying CVar settings from Section [TextureQuality@3] File [D:/UE/UE4_THunter/Saved/Config/Windows/Scalability.ini]
[2022.11.13-11.14.56:866][  0]LogConfig: Setting CVar [[r.Streaming.MipBias:0]]
[2022.11.13-11.14.56:866][  0]LogConfig: Setting CVar [[r.Streaming.AmortizeCPUToGPUCopy:0]]
[2022.11.13-11.14.56:866][  0]LogConfig: Setting CVar [[r.Streaming.MaxNumTexturesToStreamPerFrame:0]]
[2022.11.13-11.14.56:866][  0]LogConfig: Setting CVar [[r.Streaming.Boost:1]]
[2022.11.13-11.14.56:866][  0]LogConfig: Setting CVar [[r.MaxAnisotropy:8]]
[2022.11.13-11.14.56:866][  0]LogConfig: Setting CVar [[r.VT.MaxAnisotropy:8]]
[2022.11.13-11.14.56:866][  0]LogConfig: Setting CVar [[r.Streaming.LimitPoolSizeToVRAM:0]]
[2022.11.13-11.14.56:866][  0]LogConfig: Setting CVar [[r.Streaming.PoolSize:1000]]
[2022.11.13-11.14.56:866][  0]LogConfig: Setting CVar [[r.Streaming.MaxEffectiveScreenSize:0]]
[2022.11.13-11.14.56:866][  0]LogConfig: Applying CVar settings from Section [EffectsQuality@3] File [D:/UE/UE4_THunter/Saved/Config/Windows/Scalability.ini]
[2022.11.13-11.14.56:866][  0]LogConfig: Setting CVar [[r.TranslucencyLightingVolumeDim:64]]
[2022.11.13-11.14.56:866][  0]LogConfig: Setting CVar [[r.RefractionQuality:2]]
[2022.11.13-11.14.56:866][  0]LogConfig: Setting CVar [[r.SSR.Quality:3]]
[2022.11.13-11.14.56:866][  0]LogConfig: Setting CVar [[r.SSR.HalfResSceneColor:0]]
[2022.11.13-11.14.56:866][  0]LogConfig: Setting CVar [[r.SceneColorFormat:4]]
[2022.11.13-11.14.56:866][  0]LogConfig: Setting CVar [[r.DetailMode:2]]
[2022.11.13-11.14.56:866][  0]LogConfig: Setting CVar [[r.TranslucencyVolumeBlur:1]]
[2022.11.13-11.14.56:866][  0]LogConfig: Setting CVar [[r.MaterialQualityLevel:1 ; High quality]]
[2022.11.13-11.14.56:866][  0]LogConfig: Setting CVar [[r.AnisotropicMaterials:1]]
[2022.11.13-11.14.56:866][  0]LogConfig: Setting CVar [[r.SSS.Scale:1]]
[2022.11.13-11.14.56:866][  0]LogConfig: Setting CVar [[r.SSS.SampleSet:2]]
[2022.11.13-11.14.56:866][  0]LogConfig: Setting CVar [[r.SSS.Quality:1]]
[2022.11.13-11.14.56:866][  0]LogConfig: Setting CVar [[r.SSS.HalfRes:0]]
[2022.11.13-11.14.56:866][  0]LogConfig: Setting CVar [[r.SSGI.Quality:3]]
[2022.11.13-11.14.56:866][  0]LogConfig: Setting CVar [[r.EmitterSpawnRateScale:1.0]]
[2022.11.13-11.14.56:866][  0]LogConfig: Setting CVar [[r.ParticleLightQuality:2]]
[2022.11.13-11.14.56:866][  0]LogConfig: Setting CVar [[r.SkyAtmosphere.AerialPerspectiveLUT.FastApplyOnOpaque:1 ; Always have FastSkyLUT 1 in this case to avoid wrong sky]]
[2022.11.13-11.14.56:866][  0]LogConfig: Setting CVar [[r.SkyAtmosphere.AerialPerspectiveLUT.SampleCountMaxPerSlice:4]]
[2022.11.13-11.14.56:866][  0]LogConfig: Setting CVar [[r.SkyAtmosphere.AerialPerspectiveLUT.DepthResolution:16.0]]
[2022.11.13-11.14.56:866][  0]LogConfig: Setting CVar [[r.SkyAtmosphere.FastSkyLUT:1]]
[2022.11.13-11.14.56:866][  0]LogConfig: Setting CVar [[r.SkyAtmosphere.FastSkyLUT.SampleCountMin:4.0]]
[2022.11.13-11.14.56:866][  0]LogConfig: Setting CVar [[r.SkyAtmosphere.FastSkyLUT.SampleCountMax:128.0]]
[2022.11.13-11.14.56:866][  0]LogConfig: Setting CVar [[r.SkyAtmosphere.SampleCountMin:4.0]]
[2022.11.13-11.14.56:866][  0]LogConfig: Setting CVar [[r.SkyAtmosphere.SampleCountMax:128.0]]
[2022.11.13-11.14.56:866][  0]LogConfig: Setting CVar [[r.SkyAtmosphere.TransmittanceLUT.UseSmallFormat:0]]
[2022.11.13-11.14.56:866][  0]LogConfig: Setting CVar [[r.SkyAtmosphere.TransmittanceLUT.SampleCount:10.0]]
[2022.11.13-11.14.56:866][  0]LogConfig: Setting CVar [[r.SkyAtmosphere.MultiScatteringLUT.SampleCount:15.0]]
[2022.11.13-11.14.56:866][  0]LogConfig: Setting CVar [[r.SkyLight.RealTimeReflectionCapture:1]]
[2022.11.13-11.14.56:866][  0]LogConfig: Applying CVar settings from Section [FoliageQuality@3] File [D:/UE/UE4_THunter/Saved/Config/Windows/Scalability.ini]
[2022.11.13-11.14.56:866][  0]LogConfig: Setting CVar [[foliage.DensityScale:1.0]]
[2022.11.13-11.14.56:866][  0]LogConfig: Setting CVar [[grass.DensityScale:1.0]]
[2022.11.13-11.14.56:866][  0]LogConfig: Applying CVar settings from Section [ShadingQuality@3] File [D:/UE/UE4_THunter/Saved/Config/Windows/Scalability.ini]
[2022.11.13-11.14.56:866][  0]LogConfig: Setting CVar [[r.HairStrands.SkyLighting.IntegrationType:2]]
[2022.11.13-11.14.56:866][  0]LogConfig: Setting CVar [[r.HairStrands.SkyAO.SampleCount:4]]
[2022.11.13-11.14.56:866][  0]LogConfig: Setting CVar [[r.HairStrands.Visibility.MSAA.SamplePerPixel:4]]
[2022.11.13-11.14.56:866][  0]LogInit: Selected Device Profile: [Windows]
[2022.11.13-11.14.56:866][  0]LogInit: Applying CVar settings loaded from the selected device profile: [Windows]
[2022.11.13-11.14.56:866][  0]LogHAL: Display: Platform has ~ 16 GB [17027379200 / 17179869184 / 16], which maps to Larger [LargestMinGB=32, LargerMinGB=12, DefaultMinGB=8, SmallerMinGB=6, SmallestMinGB=0)
[2022.11.13-11.14.56:866][  0]LogInit: Going up to parent DeviceProfile []
[2022.11.13-11.14.56:866][  0]LogConfig: Applying CVar settings from Section [ViewDistanceQuality@3] File [D:/UE/UE4_THunter/Saved/Config/Windows/Scalability.ini]
[2022.11.13-11.14.56:866][  0]LogConfig: Setting CVar [[r.SkeletalMeshLODBias:0]]
[2022.11.13-11.14.56:866][  0]LogConfig: Setting CVar [[r.ViewDistanceScale:1.0]]
[2022.11.13-11.14.56:866][  0]LogConfig: Applying CVar settings from Section [AntiAliasingQuality@3] File [D:/UE/UE4_THunter/Saved/Config/Windows/Scalability.ini]
[2022.11.13-11.14.56:866][  0]LogConfig: Setting CVar [[r.PostProcessAAQuality:4]]
[2022.11.13-11.14.56:866][  0]LogConfig: Applying CVar settings from Section [ShadowQuality@3] File [D:/UE/UE4_THunter/Saved/Config/Windows/Scalability.ini]
[2022.11.13-11.14.56:866][  0]LogConfig: Setting CVar [[r.LightFunctionQuality:1]]
[2022.11.13-11.14.56:866][  0]LogConfig: Setting CVar [[r.ShadowQuality:5]]
[2022.11.13-11.14.56:866][  0]LogConfig: Setting CVar [[r.Shadow.CSM.MaxCascades:10]]
[2022.11.13-11.14.56:866][  0]LogConfig: Setting CVar [[r.Shadow.MaxResolution:2048]]
[2022.11.13-11.14.56:866][  0]LogConfig: Setting CVar [[r.Shadow.MaxCSMResolution:2048]]
[2022.11.13-11.14.56:866][  0]LogConfig: Setting CVar [[r.Shadow.RadiusThreshold:0.01]]
[2022.11.13-11.14.56:866][  0]LogConfig: Setting CVar [[r.Shadow.DistanceScale:1.0]]
[2022.11.13-11.14.56:866][  0]LogConfig: Setting CVar [[r.Shadow.CSM.TransitionScale:1.0]]
[2022.11.13-11.14.56:866][  0]LogConfig: Setting CVar [[r.Shadow.PreShadowResolutionFactor:1.0]]
[2022.11.13-11.14.56:866][  0]LogConfig: Setting CVar [[r.DistanceFieldShadowing:1]]
[2022.11.13-11.14.56:866][  0]LogConfig: Setting CVar [[r.DistanceFieldAO:1]]
[2022.11.13-11.14.56:866][  0]LogConfig: Setting CVar [[r.AOQuality:2]]
[2022.11.13-11.14.56:866][  0]LogConfig: Setting CVar [[r.VolumetricFog:1]]
[2022.11.13-11.14.56:866][  0]LogConfig: Setting CVar [[r.VolumetricFog.GridPixelSize:8]]
[2022.11.13-11.14.56:866][  0]LogConfig: Setting CVar [[r.VolumetricFog.GridSizeZ:128]]
[2022.11.13-11.14.56:866][  0]LogConfig: Setting CVar [[r.VolumetricFog.HistoryMissSupersampleCount:4]]
[2022.11.13-11.14.56:866][  0]LogConfig: Setting CVar [[r.LightMaxDrawDistanceScale:1]]
[2022.11.13-11.14.56:866][  0]LogConfig: Setting CVar [[r.CapsuleShadows:1]]
[2022.11.13-11.14.56:866][  0]LogConfig: Applying CVar settings from Section [PostProcessQuality@3] File [D:/UE/UE4_THunter/Saved/Config/Windows/Scalability.ini]
[2022.11.13-11.14.56:866][  0]LogConfig: Setting CVar [[r.MotionBlurQuality:4]]
[2022.11.13-11.14.56:866][  0]LogConfig: Setting CVar [[r.AmbientOcclusionMipLevelFactor:0.4]]
[2022.11.13-11.14.56:866][  0]LogConfig: Setting CVar [[r.AmbientOcclusionMaxQuality:100]]
[2022.11.13-11.14.56:866][  0]LogConfig: Setting CVar [[r.AmbientOcclusionLevels:-1]]
[2022.11.13-11.14.56:866][  0]LogConfig: Setting CVar [[r.AmbientOcclusionRadiusScale:1.0]]
[2022.11.13-11.14.56:866][  0]LogConfig: Setting CVar [[r.DepthOfFieldQuality:2]]
[2022.11.13-11.14.56:866][  0]LogConfig: Setting CVar [[r.RenderTargetPoolMin:400]]
[2022.11.13-11.14.56:866][  0]LogConfig: Setting CVar [[r.LensFlareQuality:2]]
[2022.11.13-11.14.56:866][  0]LogConfig: Setting CVar [[r.SceneColorFringeQuality:1]]
[2022.11.13-11.14.56:866][  0]LogConfig: Setting CVar [[r.EyeAdaptationQuality:2]]
[2022.11.13-11.14.56:866][  0]LogConfig: Setting CVar [[r.BloomQuality:5]]
[2022.11.13-11.14.56:866][  0]LogConfig: Setting CVar [[r.FastBlurThreshold:100]]
[2022.11.13-11.14.56:866][  0]LogConfig: Setting CVar [[r.Upscale.Quality:3]]
[2022.11.13-11.14.56:866][  0]LogConfig: Setting CVar [[r.Tonemapper.GrainQuantization:1]]
[2022.11.13-11.14.56:866][  0]LogConfig: Setting CVar [[r.LightShaftQuality:1]]
[2022.11.13-11.14.56:866][  0]LogConfig: Setting CVar [[r.Filter.SizeScale:1]]
[2022.11.13-11.14.56:866][  0]LogConfig: Setting CVar [[r.Tonemapper.Quality:5]]
[2022.11.13-11.14.56:866][  0]LogConfig: Setting CVar [[r.DOF.Gather.AccumulatorQuality:1        ; higher gathering accumulator quality]]
[2022.11.13-11.14.56:866][  0]LogConfig: Setting CVar [[r.DOF.Gather.PostfilterMethod:1          ; Median3x3 postfilering method]]
[2022.11.13-11.14.56:866][  0]LogConfig: Setting CVar [[r.DOF.Gather.EnableBokehSettings:0       ; no bokeh simulation when gathering]]
[2022.11.13-11.14.56:866][  0]LogConfig: Setting CVar [[r.DOF.Gather.RingCount:4                 ; medium number of samples when gathering]]
[2022.11.13-11.14.56:866][  0]LogConfig: Setting CVar [[r.DOF.Scatter.ForegroundCompositing:1    ; additive foreground scattering]]
[2022.11.13-11.14.56:866][  0]LogConfig: Setting CVar [[r.DOF.Scatter.BackgroundCompositing:2    ; additive background scattering]]
[2022.11.13-11.14.56:866][  0]LogConfig: Setting CVar [[r.DOF.Scatter.EnableBokehSettings:1      ; bokeh simulation when scattering]]
[2022.11.13-11.14.56:866][  0]LogConfig: Setting CVar [[r.DOF.Scatter.MaxSpriteRatio:0.1         ; only a maximum of 10% of scattered bokeh]]
[2022.11.13-11.14.56:866][  0]LogConfig: Setting CVar [[r.DOF.Recombine.Quality:1                ; cheap slight out of focus]]
[2022.11.13-11.14.56:866][  0]LogConfig: Setting CVar [[r.DOF.Recombine.EnableBokehSettings:0    ; no bokeh simulation on slight out of focus]]
[2022.11.13-11.14.56:867][  0]LogConfig: Setting CVar [[r.DOF.TemporalAAQuality:1                ; more stable temporal accumulation]]
[2022.11.13-11.14.56:867][  0]LogConfig: Setting CVar [[r.DOF.Kernel.MaxForegroundRadius:0.025]]
[2022.11.13-11.14.56:867][  0]LogConfig: Setting CVar [[r.DOF.Kernel.MaxBackgroundRadius:0.025]]
[2022.11.13-11.14.56:867][  0]LogConfig: Applying CVar settings from Section [TextureQuality@3] File [D:/UE/UE4_THunter/Saved/Config/Windows/Scalability.ini]
[2022.11.13-11.14.56:867][  0]LogConfig: Setting CVar [[r.Streaming.MipBias:0]]
[2022.11.13-11.14.56:867][  0]LogConfig: Setting CVar [[r.Streaming.AmortizeCPUToGPUCopy:0]]
[2022.11.13-11.14.56:867][  0]LogConfig: Setting CVar [[r.Streaming.MaxNumTexturesToStreamPerFrame:0]]
[2022.11.13-11.14.56:867][  0]LogConfig: Setting CVar [[r.Streaming.Boost:1]]
[2022.11.13-11.14.56:867][  0]LogConfig: Setting CVar [[r.MaxAnisotropy:8]]
[2022.11.13-11.14.56:867][  0]LogConfig: Setting CVar [[r.VT.MaxAnisotropy:8]]
[2022.11.13-11.14.56:867][  0]LogConfig: Setting CVar [[r.Streaming.LimitPoolSizeToVRAM:0]]
[2022.11.13-11.14.56:867][  0]LogConfig: Setting CVar [[r.Streaming.PoolSize:1000]]
[2022.11.13-11.14.56:867][  0]LogConfig: Setting CVar [[r.Streaming.MaxEffectiveScreenSize:0]]
[2022.11.13-11.14.56:867][  0]LogConfig: Applying CVar settings from Section [EffectsQuality@3] File [D:/UE/UE4_THunter/Saved/Config/Windows/Scalability.ini]
[2022.11.13-11.14.56:867][  0]LogConfig: Setting CVar [[r.TranslucencyLightingVolumeDim:64]]
[2022.11.13-11.14.56:867][  0]LogConfig: Setting CVar [[r.RefractionQuality:2]]
[2022.11.13-11.14.56:867][  0]LogConfig: Setting CVar [[r.SSR.Quality:3]]
[2022.11.13-11.14.56:867][  0]LogConfig: Setting CVar [[r.SSR.HalfResSceneColor:0]]
[2022.11.13-11.14.56:867][  0]LogConfig: Setting CVar [[r.SceneColorFormat:4]]
[2022.11.13-11.14.56:867][  0]LogConfig: Setting CVar [[r.DetailMode:2]]
[2022.11.13-11.14.56:867][  0]LogConfig: Setting CVar [[r.TranslucencyVolumeBlur:1]]
[2022.11.13-11.14.56:867][  0]LogConfig: Setting CVar [[r.MaterialQualityLevel:1 ; High quality]]
[2022.11.13-11.14.56:867][  0]LogConfig: Setting CVar [[r.AnisotropicMaterials:1]]
[2022.11.13-11.14.56:867][  0]LogConfig: Setting CVar [[r.SSS.Scale:1]]
[2022.11.13-11.14.56:867][  0]LogConfig: Setting CVar [[r.SSS.SampleSet:2]]
[2022.11.13-11.14.56:867][  0]LogConfig: Setting CVar [[r.SSS.Quality:1]]
[2022.11.13-11.14.56:867][  0]LogConfig: Setting CVar [[r.SSS.HalfRes:0]]
[2022.11.13-11.14.56:867][  0]LogConfig: Setting CVar [[r.SSGI.Quality:3]]
[2022.11.13-11.14.56:867][  0]LogConfig: Setting CVar [[r.EmitterSpawnRateScale:1.0]]
[2022.11.13-11.14.56:867][  0]LogConfig: Setting CVar [[r.ParticleLightQuality:2]]
[2022.11.13-11.14.56:867][  0]LogConfig: Setting CVar [[r.SkyAtmosphere.AerialPerspectiveLUT.FastApplyOnOpaque:1 ; Always have FastSkyLUT 1 in this case to avoid wrong sky]]
[2022.11.13-11.14.56:867][  0]LogConfig: Setting CVar [[r.SkyAtmosphere.AerialPerspectiveLUT.SampleCountMaxPerSlice:4]]
[2022.11.13-11.14.56:867][  0]LogConfig: Setting CVar [[r.SkyAtmosphere.AerialPerspectiveLUT.DepthResolution:16.0]]
[2022.11.13-11.14.56:867][  0]LogConfig: Setting CVar [[r.SkyAtmosphere.FastSkyLUT:1]]
[2022.11.13-11.14.56:867][  0]LogConfig: Setting CVar [[r.SkyAtmosphere.FastSkyLUT.SampleCountMin:4.0]]
[2022.11.13-11.14.56:867][  0]LogConfig: Setting CVar [[r.SkyAtmosphere.FastSkyLUT.SampleCountMax:128.0]]
[2022.11.13-11.14.56:867][  0]LogConfig: Setting CVar [[r.SkyAtmosphere.SampleCountMin:4.0]]
[2022.11.13-11.14.56:867][  0]LogConfig: Setting CVar [[r.SkyAtmosphere.SampleCountMax:128.0]]
[2022.11.13-11.14.56:867][  0]LogConfig: Setting CVar [[r.SkyAtmosphere.TransmittanceLUT.UseSmallFormat:0]]
[2022.11.13-11.14.56:867][  0]LogConfig: Setting CVar [[r.SkyAtmosphere.TransmittanceLUT.SampleCount:10.0]]
[2022.11.13-11.14.56:867][  0]LogConfig: Setting CVar [[r.SkyAtmosphere.MultiScatteringLUT.SampleCount:15.0]]
[2022.11.13-11.14.56:867][  0]LogConfig: Setting CVar [[r.SkyLight.RealTimeReflectionCapture:1]]
[2022.11.13-11.14.56:867][  0]LogConfig: Applying CVar settings from Section [FoliageQuality@3] File [D:/UE/UE4_THunter/Saved/Config/Windows/Scalability.ini]
[2022.11.13-11.14.56:867][  0]LogConfig: Setting CVar [[foliage.DensityScale:1.0]]
[2022.11.13-11.14.56:867][  0]LogConfig: Setting CVar [[grass.DensityScale:1.0]]
[2022.11.13-11.14.56:867][  0]LogConfig: Applying CVar settings from Section [ShadingQuality@3] File [D:/UE/UE4_THunter/Saved/Config/Windows/Scalability.ini]
[2022.11.13-11.14.56:867][  0]LogConfig: Setting CVar [[r.HairStrands.SkyLighting.IntegrationType:2]]
[2022.11.13-11.14.56:867][  0]LogConfig: Setting CVar [[r.HairStrands.SkyAO.SampleCount:4]]
[2022.11.13-11.14.56:867][  0]LogConfig: Setting CVar [[r.HairStrands.Visibility.MSAA.SamplePerPixel:4]]
[2022.11.13-11.14.56:867][  0]LogConfig: Applying CVar settings from Section [Startup] File [../../../Engine/Config/ConsoleVariables.ini]
[2022.11.13-11.14.56:867][  0]LogConfig: Setting CVar [[net.UseAdaptiveNetUpdateFrequency:0]]
[2022.11.13-11.14.56:867][  0]LogConfig: Setting CVar [[p.chaos.AllowCreatePhysxBodies:1]]
[2022.11.13-11.14.56:867][  0]LogConfig: Setting CVar [[fx.SkipVectorVMBackendOptimizations:1]]
[2022.11.13-11.14.56:867][  0]LogConfig: Applying CVar settings from Section [ConsoleVariables] File [D:/UE/UE4_THunter/Saved/Config/Windows/Engine.ini]
[2022.11.13-11.14.56:867][  0]LogConfig: Applying CVar settings from Section [ConsoleVariables] File [D:/UE/UE4_THunter/Saved/Config/Windows/Editor.ini]
[2022.11.13-11.14.56:867][  0]LogInit: Computer: DESKTOP-OPRF3IH
[2022.11.13-11.14.56:867][  0]LogInit: User: MotokiK
[2022.11.13-11.14.56:867][  0]LogInit: CPU Page size=4096, Cores=8
[2022.11.13-11.14.56:867][  0]LogInit: High frequency timer resolution =10.000000 MHz
[2022.11.13-11.14.56:867][  0]LogMemory: Memory total: Physical=15.9GB (16GB approx)
[2022.11.13-11.14.56:867][  0]LogMemory: Platform Memory Stats for Windows
[2022.11.13-11.14.56:867][  0]LogMemory: Process Physical Memory: 147.61 MB used, 147.61 MB peak
[2022.11.13-11.14.56:867][  0]LogMemory: Process Virtual Memory: 123.37 MB used, 123.37 MB peak
[2022.11.13-11.14.56:867][  0]LogMemory: Physical Memory: 7922.22 MB used,  8316.35 MB free, 16238.57 MB total
[2022.11.13-11.14.56:867][  0]LogMemory: Virtual Memory: 134205240.00 MB used,  12484.61 MB free, 134217728.00 MB total
[2022.11.13-11.14.56:872][  0]LogWindows: WindowsPlatformFeatures enabled
[2022.11.13-11.14.56:905][  0]LogInit: Physics initialised using underlying interface: PhysX
[2022.11.13-11.14.56:906][  0]LogInit: Using OS detected language (ja-JP).
[2022.11.13-11.14.56:906][  0]LogInit: Using OS detected locale (ja-JP).
[2022.11.13-11.14.56:907][  0]LogTextLocalizationManager: No specific localization for 'ja-JP' exists, so the 'ja' localization will be used.
[2022.11.13-11.14.56:969][  0]LogInit: Setting process to per monitor DPI aware
[2022.11.13-11.14.56:980][  0]LogWindowsTextInputMethodSystem: Display: IME system deactivated.
[2022.11.13-11.14.56:993][  0]LogSlate: New Slate User Created.  User Index 0, Is Virtual User: 0
[2022.11.13-11.14.56:993][  0]LogSlate: Slate User Registered.  User Index 0, Is Virtual User: 0
[2022.11.13-11.14.57:121][  0]LogD3D11RHI: Loaded GFSDK_Aftermath_Lib.x64.dll
[2022.11.13-11.14.57:123][  0]LogHMD: Failed to initialize OpenVR with code 110
[2022.11.13-11.14.57:123][  0]LogD3D11RHI: D3D11 min allowed feature level: 11_0
[2022.11.13-11.14.57:123][  0]LogD3D11RHI: D3D11 max allowed feature level: 11_0
[2022.11.13-11.14.57:123][  0]LogD3D11RHI: D3D11 adapters:
[2022.11.13-11.14.57:203][  0]LogD3D11RHI:    0. 'NVIDIA GeForce RTX 3060 Ti' (Feature Level 11_0)
[2022.11.13-11.14.57:203][  0]LogD3D11RHI:       8038/0/8119 MB DedicatedVideo/DedicatedSystem/SharedSystem, Outputs:2, VendorId:0x10de
[2022.11.13-11.14.57:205][  0]LogD3D11RHI:    1. 'Microsoft Basic Render Driver' (Feature Level 11_0)
[2022.11.13-11.14.57:205][  0]LogD3D11RHI:       0/0/8119 MB DedicatedVideo/DedicatedSystem/SharedSystem, Outputs:0, VendorId:0x1414
[2022.11.13-11.14.57:205][  0]LogD3D11RHI: Chosen D3D11 Adapter:
[2022.11.13-11.14.57:205][  0]LogD3D11RHI:     Description : NVIDIA GeForce RTX 3060 Ti
[2022.11.13-11.14.57:205][  0]LogD3D11RHI:     VendorId    : 10de
[2022.11.13-11.14.57:205][  0]LogD3D11RHI:     DeviceId    : 2489
[2022.11.13-11.14.57:205][  0]LogD3D11RHI:     SubSysId    : 153c10de
[2022.11.13-11.14.57:205][  0]LogD3D11RHI:     Revision    : 00a1
[2022.11.13-11.14.57:205][  0]LogD3D11RHI:     DedicatedVideoMemory : 8428453888 bytes
[2022.11.13-11.14.57:205][  0]LogD3D11RHI:     DedicatedSystemMemory : 0 bytes
[2022.11.13-11.14.57:205][  0]LogD3D11RHI:     SharedSystemMemory : 8513689600 bytes
[2022.11.13-11.14.57:205][  0]LogD3D11RHI:     AdapterLuid : 0 71321
[2022.11.13-11.14.57:210][  0]LogD3D11RHI: Creating new Direct3DDevice
[2022.11.13-11.14.57:211][  0]LogD3D11RHI:     GPU DeviceId: 0x2489 (for the marketing name, search the web for "GPU Device Id")
[2022.11.13-11.14.57:211][  0]LogWindows: EnumDisplayDevices:
[2022.11.13-11.14.57:211][  0]LogWindows:    0. 'NVIDIA GeForce RTX 3060 Ti' (P:1 D:1)
[2022.11.13-11.14.57:211][  0]LogWindows:    1. 'NVIDIA GeForce RTX 3060 Ti' (P:0 D:1)
[2022.11.13-11.14.57:211][  0]LogWindows:    2. 'NVIDIA GeForce RTX 3060 Ti' (P:0 D:0)
[2022.11.13-11.14.57:211][  0]LogWindows:    3. 'NVIDIA GeForce RTX 3060 Ti' (P:0 D:0)
[2022.11.13-11.14.57:211][  0]LogWindows: DebugString: FoundDriverCount:4 
[2022.11.13-11.14.57:211][  0]LogD3D11RHI:     Adapter Name: NVIDIA GeForce RTX 3060 Ti
[2022.11.13-11.14.57:211][  0]LogD3D11RHI:   Driver Version: 526.86 (internal:31.0.15.2686, unified:526.86)
[2022.11.13-11.14.57:211][  0]LogD3D11RHI:      Driver Date: 11-8-2022
[2022.11.13-11.14.57:211][  0]LogRHI: Texture pool is 5626 MB (70% of 8038 MB)
[2022.11.13-11.14.57:211][  0]LogD3D11RHI: Creating D3DDevice using adapter:
[2022.11.13-11.14.57:211][  0]LogD3D11RHI:     Description : NVIDIA GeForce RTX 3060 Ti
[2022.11.13-11.14.57:211][  0]LogD3D11RHI:     VendorId    : 10de
[2022.11.13-11.14.57:211][  0]LogD3D11RHI:     DeviceId    : 2489
[2022.11.13-11.14.57:211][  0]LogD3D11RHI:     SubSysId    : 153c10de
[2022.11.13-11.14.57:211][  0]LogD3D11RHI:     Revision    : 00a1
[2022.11.13-11.14.57:211][  0]LogD3D11RHI:     DedicatedVideoMemory : 8428453888 bytes
[2022.11.13-11.14.57:211][  0]LogD3D11RHI:     DedicatedSystemMemory : 0 bytes
[2022.11.13-11.14.57:211][  0]LogD3D11RHI:     SharedSystemMemory : 8513689600 bytes
[2022.11.13-11.14.57:211][  0]LogD3D11RHI:     AdapterLuid : 0 71321
[2022.11.13-11.14.57:264][  0]LogD3D11RHI: RHI has support for 64 bit atomics
[2022.11.13-11.14.57:264][  0]LogD3D11RHI: Async texture creation enabled
[2022.11.13-11.14.57:264][  0]LogD3D11RHI: Array index from any shader is supported
[2022.11.13-11.14.57:290][  0]LogD3D11RHI: GPU Timing Frequency: 1000.000000 (Debug: 2 2)
[2022.11.13-11.14.57:311][  0]LogRHI: GeForceNow SDK initialized: 1
[2022.11.13-11.14.57:643][  0]LogTargetPlatformManager: Display: Loaded TargetPlatform 'AllDesktop'
[2022.11.13-11.14.57:657][  0]LogTargetPlatformManager: Display: Loaded TargetPlatform 'Android'
[2022.11.13-11.14.57:657][  0]LogTargetPlatformManager: Display: Loaded TargetPlatform 'Android_ASTC'
[2022.11.13-11.14.57:657][  0]LogTargetPlatformManager: Display: Loaded TargetPlatform 'Android_DXT'
[2022.11.13-11.14.57:657][  0]LogTargetPlatformManager: Display: Loaded TargetPlatform 'Android_ETC2'
[2022.11.13-11.14.57:657][  0]LogTargetPlatformManager: Display: Loaded TargetPlatform 'AndroidClient'
[2022.11.13-11.14.57:657][  0]LogTargetPlatformManager: Display: Loaded TargetPlatform 'Android_ASTCClient'
[2022.11.13-11.14.57:657][  0]LogTargetPlatformManager: Display: Loaded TargetPlatform 'Android_DXTClient'
[2022.11.13-11.14.57:657][  0]LogTargetPlatformManager: Display: Loaded TargetPlatform 'Android_ETC2Client'
[2022.11.13-11.14.57:657][  0]LogTargetPlatformManager: Display: Loaded TargetPlatform 'Android_Multi'
[2022.11.13-11.14.57:657][  0]LogTargetPlatformManager: Display: Loaded TargetPlatform 'Android_MultiClient'
[2022.11.13-11.14.57:673][  0]LogTargetPlatformManager: Display: Loaded TargetPlatform 'IOSClient'
[2022.11.13-11.14.57:673][  0]LogTargetPlatformManager: Display: Loaded TargetPlatform 'IOS'
[2022.11.13-11.14.57:679][  0]LogTargetPlatformManager: Display: Loaded TargetPlatform 'Linux'
[2022.11.13-11.14.57:682][  0]LogTargetPlatformManager: Display: Loaded TargetPlatform 'LinuxNoEditor'
[2022.11.13-11.14.57:686][  0]LogTargetPlatformManager: Display: Loaded TargetPlatform 'LinuxClient'
[2022.11.13-11.14.57:689][  0]LogTargetPlatformManager: Display: Loaded TargetPlatform 'LinuxServer'
[2022.11.13-11.14.57:696][  0]LogTargetPlatformManager: Display: Loaded TargetPlatform 'LinuxAArch64NoEditor'
[2022.11.13-11.14.57:700][  0]LogTargetPlatformManager: Display: Loaded TargetPlatform 'LinuxAArch64Client'
[2022.11.13-11.14.57:703][  0]LogTargetPlatformManager: Display: Loaded TargetPlatform 'LinuxAArch64Server'
[2022.11.13-11.14.57:719][  0]LogTargetPlatformManager: Display: Loaded TargetPlatform 'Lumin'
[2022.11.13-11.14.57:719][  0]LogTargetPlatformManager: Display: Loaded TargetPlatform 'LuminClient'
[2022.11.13-11.14.57:726][  0]LogTargetPlatformManager: Display: Loaded TargetPlatform 'MacNoEditor'
[2022.11.13-11.14.57:730][  0]LogTargetPlatformManager: Display: Loaded TargetPlatform 'Mac'
[2022.11.13-11.14.57:733][  0]LogTargetPlatformManager: Display: Loaded TargetPlatform 'MacClient'
[2022.11.13-11.14.57:737][  0]LogTargetPlatformManager: Display: Loaded TargetPlatform 'MacServer'
[2022.11.13-11.14.57:744][  0]LogTargetPlatformManager: Display: Loaded TargetPlatform 'TVOSClient'
[2022.11.13-11.14.57:744][  0]LogTargetPlatformManager: Display: Loaded TargetPlatform 'TVOS'
[2022.11.13-11.14.57:750][  0]LogTargetPlatformManager: Display: Loaded TargetPlatform 'WindowsNoEditor'
[2022.11.13-11.14.57:754][  0]LogTargetPlatformManager: Display: Loaded TargetPlatform 'Windows'
[2022.11.13-11.14.57:758][  0]LogTargetPlatformManager: Display: Loaded TargetPlatform 'WindowsClient'
[2022.11.13-11.14.57:762][  0]LogTargetPlatformManager: Display: Loaded TargetPlatform 'WindowsServer'
[2022.11.13-11.14.57:762][  0]LogTargetPlatformManager: Display: Building Assets For Windows
[2022.11.13-11.14.57:769][  0]LogAudioDebug: Display: Lib vorbis DLL was dynamically loaded.
[2022.11.13-11.14.57:794][  0]LogTextureFormatOodle: Display: Oodle Texture 2.9.0 init RDO Off
[2022.11.13-11.14.57:820][  0]LogRendererCore: Ray tracing is disabled. Reason: r.RayTracing=0.
[2022.11.13-11.14.57:820][  0]LogShaderCompilers: Guid format shader working directory is 20 characters bigger than the processId version (../../../../../UE/UE4_THunter/Intermediate/Shaders/WorkingDirectory/3376/).
[2022.11.13-11.14.57:820][  0]LogShaderCompilers: Cleaned the shader compiler working directory 'C:/Users/Motoki.K/AppData/Local/Temp/UnrealShaderWorkingDir/F0665DF746BCB67D1F26C1BA46FF094D/'.
[2022.11.13-11.14.57:820][  0]LogXGEController: Cannot use XGE Controller as Incredibuild is not installed on this machine.
[2022.11.13-11.14.57:820][  0]LogShaderCompilers: Cannot use XGE Shader Compiler as Incredibuild is not installed on this machine.
[2022.11.13-11.14.57:821][  0]LogShaderCompilers: Display: Using Local Shader Compiler.
[2022.11.13-11.14.58:381][  0]LogDerivedDataCache: Display: Max Cache Size: 512 MB
[2022.11.13-11.14.58:432][  0]LogDerivedDataCache: Loaded boot cache 0.05s 94MB C:/Users/Motoki.K/AppData/Local/UnrealEngine/4.27/DerivedDataCache/Boot.ddc.
[2022.11.13-11.14.58:432][  0]LogDerivedDataCache: Display: Loaded Boot cache: C:/Users/Motoki.K/AppData/Local/UnrealEngine/4.27/DerivedDataCache/Boot.ddc
[2022.11.13-11.14.58:433][  0]LogDerivedDataCache: FDerivedDataBackendGraph:  Pak pak cache file ../../../../../UE/UE4_THunter/DerivedDataCache/DDC.ddp not found, will not use a pak cache.
[2022.11.13-11.14.58:433][  0]LogDerivedDataCache: Unable to find inner node Pak for hierarchical cache Hierarchy.
[2022.11.13-11.14.58:433][  0]LogDerivedDataCache: FDerivedDataBackendGraph:  CompressedPak pak cache file ../../../../../UE/UE4_THunter/DerivedDataCache/Compressed.ddp not found, will not use a pak cache.
[2022.11.13-11.14.58:433][  0]LogDerivedDataCache: Unable to find inner node CompressedPak for hierarchical cache Hierarchy.
[2022.11.13-11.14.58:446][  0]LogDerivedDataCache: Display: Pak cache opened for reading ../../../Engine/DerivedDataCache/Compressed.ddp.
[2022.11.13-11.14.58:446][  0]LogDerivedDataCache: FDerivedDataBackendGraph:  EnterprisePak pak cache file ../../../Enterprise/DerivedDataCache/Compressed.ddp not found, will not use a pak cache.
[2022.11.13-11.14.58:446][  0]LogDerivedDataCache: Unable to find inner node EnterprisePak for hierarchical cache Hierarchy.
[2022.11.13-11.14.58:456][  0]LogDerivedDataCache: Speed tests for C:/Users/Motoki.K/AppData/Local/UnrealEngine/Common/DerivedDataCache took 0.01 seconds
[2022.11.13-11.14.58:456][  0]LogDerivedDataCache: Display: Performance to C:/Users/Motoki.K/AppData/Local/UnrealEngine/Common/DerivedDataCache: Latency=0.02ms. RandomReadSpeed=255.96MBs, RandomWriteSpeed=161.59MBs. Assigned SpeedClass 'Local'
[2022.11.13-11.14.58:457][  0]LogDerivedDataCache: Using Local data cache path C:/Users/Motoki.K/AppData/Local/UnrealEngine/Common/DerivedDataCache: Writable
[2022.11.13-11.14.58:457][  0]LogDerivedDataCache: Shared data cache path not found in *engine.ini, will not use an Shared cache.
[2022.11.13-11.14.58:457][  0]LogDerivedDataCache: Unable to find inner node Shared for hierarchical cache Hierarchy.
[2022.11.13-11.14.58:490][  0]LogSlate: Using FreeType 2.10.0
[2022.11.13-11.14.58:490][  0]LogSlate: SlateFontServices - WITH_FREETYPE: 1, WITH_HARFBUZZ: 1
[2022.11.13-11.14.58:507][  0]LogAssetRegistry: FAssetRegistry took 0.0021 seconds to start up
[2022.11.13-11.14.58:677][  0]LogInit: Selected Device Profile: [Windows]
[2022.11.13-11.14.58:677][  0]LogInit: Active device profile: [000002356E8FEB00][00000235676B7380 49] Windows
[2022.11.13-11.14.58:677][  0]LogInit: Profiles: [000002356E8FEB00][00000235676B7380 49] Windows, [000002356E8C9700][000002356D12D500 49] WindowsNoEditor, [000002356E8FD600][000002356D131680 49] WindowsServer, [000002356E8CA800][000002356D135800 49] WindowsClient, [000002356E8FE600][000002356D139980 49] IOS, [000002356E8CB800][000002356D13DB00 49] iPadAir, [000002356E8FD300][000002356F492100 49] iPadAir2, [000002356E84B800][000002356F49A3C0 49] IPadPro, [000002356E84B900][000002356F496400 49] iPadAir3, [000002356E8FED00][0000023560A76540 49] iPadAir4, [000002356E849B00][000002356F49E680 49] iPadMini2, [000002356E8FD400][000002356F4A27C0 49] iPadMini3, [000002356E84A300][000002356F4A6900 49] iPadMini4, [000002356E8FE500][000002356F4AEA80 49] iPadMini5, [000002356E89B100][000002356F4B6D40 49] iPhone6, [000002356E89B200][000002356F4B2D80 49] iPodTouch6, [000002356E848900][000002356F4BF040 49] iPhone7, [000002356E848800][000002356F4BB080 49] iPodTouch7, [000002356E899A00][000002356F4C3200 49] iPhone5S, [000002356E84AB00][000002356F4C7380 49] iPhone6Plus, [000002356E89A400][000002356F4CB500 49] iPhone6S, [000002356E848500][000002356F4CF680 49] iPhone6SPlus, [000002356E899D00][000002356F4D3800 49] iPhone7Plus, [000002356E84B200][000002356F4D7980 49] iPhoneSE, [000002356E89A100][000002356F4DBB00 49] iPhone8, [000002356E849700][000002356F4DE100 49] iPhone8Plus, [000002356E89A000][000002356F4E2280 49] iPhoneX, [000002356E84A600][000002356F4E6400 49] iPhoneXS, [000002356E899700][000002356F4EA580 49] iPhoneXSMax, [000002356E849300][000002356F4EE700 49] iPhoneXR, [000002356E899600][000002356F4AA840 49] iPhone11, [000002356E849E00][000002356F518980 49] iPhone11Pro, [000002356E899400][000002356F51CAC0 49] iPhone11ProMax, [000002356E84AF00][000002356F524C40 49] iPhoneSE2, [000002356E89AB00][000002356F528DC0 49] iPhone12Mini, [000002356E849100][000002356F52CF40 49] iPhone12, [000002356E898900][000002356F5310C0 49] iPhone12Pro, [000002356E84BB00][000002356F535240 49] iPhone12ProMax, [000002356E89B000][000002356F5393C0 49] iPadPro105, [000002356E849D00][000002356F53D540 49] iPadPro129, [000002356E89A800][000002356F5416C0 49] iPadPro97, [000002356E849000][000002356F545840 49] iPadPro2_129, [000002356E89B300][000002356F5499C0 49] iPad5, [000002356E848100][000002356F54DB40 49] iPad6, [000002356E898A00][000002356F586140 49] iPad7, [000002356E84AC00][000002356F58A2C0 49] iPad8, [000002356E89A900][000002356F58E440 49] iPadPro11, [000002356E848700][000002356F5925C0 49] iPadPro2_11, [000002356E89B800][000002356F596740 49] iPadPro3_129, [000002356E84AD00][000002356F59A8C0 49] iPadPro4_129, [000002356E8CBB00][000002356F520A00 49] AppleTV, [000002356E954C00][000002356F59EB40 49] AppleTV4K, [000002356E8CBA00][000002356F5A2C80 49] TVOS, [000002356E955300][000002356F5A6DC0 49] Mac, [000002356E8C9800][000002356F5AEF40 49] MacClient, [000002356E955400][000002356F5B30C0 49] MacNoEditor, [000002356E8C9000][000002356F5B7240 49] MacServer, [000002356E954200][000002356F5BB3C0 49] Linux, [000002356E8C8400][000002356F5BF540 49] LinuxAArch64, [000002356E955200][000002356F5C36C0 49] LinuxNoEditor, [000002356E8CB300][000002356F5C7840 49] LinuxAArch64NoEditor, [000002356E954400][000002356F5CB9C0 49] LinuxClient, [000002356E8C9D00][000002356F5CFB40 49] LinuxAArch64Client, [000002356E955700][000002356F5D2140 49] LinuxServer, [000002356E8CAB00][000002356F5D62C0 49] LinuxAArch64Server, [000002356E954E00][000002356F5DA440 49] Android, [000002356E8C8F00][000002356F5DE5C0 49] Android_Low, [000002356E954700][000002356F5E2740 49] Android_Mid, [000002356E8CBD00][000002356F5E68C0 49] Android_High, [000002356E848A00][000002356F5EAA40 49] Android_Default, [000002356E8C8800][000002356F5AAB80 49] Android_Adreno4xx, [000002356E84B000][000002356F5EECC0 49] Android_Adreno5xx_Low, [000002356E8C8D00][000002356F5F2E00 49] Android_Adreno5xx, [000002356E849F00][000002356F5F6F40 49] Android_Adreno6xx, [000002356E8CB600][000002356F5FF0C0 49] Android_Adreno6xx_Vulkan, [000002356E84B400][000002356F603240 49] Android_Mali_T6xx, [000002356E8CB900][000002356F6073C0 49] Android_Mali_T7xx, [000002356E84BD00][000002356F60B540 49] Android_Mali_T8xx, [000002356E8CB100][000002356F60F6C0 49] Android_Mali_G71, [000002356E84A400][000002356F613840 49] Android_Mali_G72, [000002356E8CA700][000002356F6179C0 49] Android_Mali_G72_Vulkan, [000002356E84B300][000002356F61BB40 49] Android_Mali_G76, [000002356E8CA200][000002356F61E140 49] Android_Mali_G76_Vulkan, [000002356E848B00][000002356F6222C0 49] Android_Mali_G77, [000002356E8C8A00][000002356F626440 49] Android_Mali_G77_Vulkan, [000002356E84A500][000002356F62A5C0 49] Android_Mali_G78, [000002356E8C9900][000002356F62E740 49] Android_Mali_G78_Vulkan, [000002356E849900][000002356F6328C0 49] Android_Mali_G710, [000002356E8C9E00][000002356F636A40 49] Android_Mali_G710_Vulkan, [000002356E84A800][000002356F63ABC0 49] Android_Vulkan_SM5, [000002356E8C8100][000002356F63ED40 49] Android_PowerVR_G6xxx, [000002356E84A100][000002356F5FAE80 49] Android_PowerVR_GT7xxx, [000002356E8CB400][000002356F642FC0 49] Android_PowerVR_GE8xxx, [000002356E848D00][000002356F647100 49] Android_PowerVR_GM9xxx, [000002356E8C8200][000002356F64F280 49] Android_PowerVR_GM9xxx_Vulkan, [000002356E84B500][000002356F653400 49] Android_TegraK1, [000002356E8CA500][000002356F657580 49] Android_Unknown_Vulkan, [000002356E89AA00][000002356F65B700 49] Lumin, [000002356E8FDA00][000002356F65F880 49] Lumin_Desktop, [000002356E89A200][000002356F663A00 49] HoloLens, 
[2022.11.13-11.14.58:778][  0]LogMeshReduction: Using QuadricMeshReduction for automatic static mesh reduction
[2022.11.13-11.14.58:778][  0]LogMeshReduction: Using SimplygonMeshReduction for automatic skeletal mesh reduction
[2022.11.13-11.14.58:778][  0]LogMeshReduction: Using ProxyLODMeshReduction for automatic mesh merging
[2022.11.13-11.14.58:778][  0]LogMeshReduction: No distributed automatic mesh merging module available
[2022.11.13-11.14.58:778][  0]LogMeshMerging: No distributed automatic mesh merging module available
[2022.11.13-11.14.58:791][  0]LogNetVersion: DrAward 1.0.0, NetCL: 17155196, EngineNetVer: 17, GameNetVer: 0 (Checksum: 3897558580)
[2022.11.13-11.14.59:165][  0]LogTexture: Default maximum texture size for cubemaps generated from long-lat sources has been changed from 512 to unlimited. In order to preserve old behaiour for '/Engine/MapTemplates/Sky/DaylightAmbientCubemap.DaylightAmbientCubemap', its maximum texture size has been explicitly set to 512.
[2022.11.13-11.14.59:217][  0]LogHMD: PokeAHoleMaterial loaded successfully
[2022.11.13-11.14.59:220][  0]LogUObjectArray: 17178 objects as part of root set at end of initial load.
[2022.11.13-11.14.59:220][  0]LogUObjectAllocator: 4302048 out of 0 bytes used by permanent object pool.
[2022.11.13-11.14.59:220][  0]LogUObjectArray: CloseDisregardForGC: 0/0 objects in disregard for GC pool
[2022.11.13-11.14.59:470][  0]LogPython: Using Python 3.7.7
[2022.11.13-11.14.59:951][  0]LogNiagaraDebuggerClient: Niagara Debugger Client Initialized | Session: F6BD2EA24D6E079F82844ABB0033A2BC | Instance: 25C16081491B4B971E335A878C410EF5 (DESKTOP-OPRF3IH-3376).
[2022.11.13-11.14.59:997][  0]LogTcpMessaging: Initializing TcpMessaging bridge
[2022.11.13-11.15.00:001][  0]LogUdpMessaging: Warning: Invalid UDP Messaging Static Endpoint ''
[2022.11.13-11.15.00:001][  0]LogUdpMessaging: Initializing bridge on interface 192.168.0.8:0 to multicast group 230.0.0.1:6666.
[2022.11.13-11.15.00:001][  0]FUdpSocketBuilder: Failed to bind UdpMessageUnicastSocket to 192.168.0.8:0
[2022.11.13-11.15.00:001][  0]FUdpSocketBuilder: Failed to configure multicast for UdpMessageUnicastSocket (loopback: 1, ttl: 1)
[2022.11.13-11.15.00:001][  0]FUdpSocketBuilder: Failed to create and initialize socket UdpMessageUnicastSocket (last error: 0)
[2022.11.13-11.15.00:001][  0]LogUdpMessaging: Error: StartTransport failed to create unicast socket on 192.168.0.8:0
[2022.11.13-11.15.00:152][  0]SourceControl: ソースコントロールは無効です
[2022.11.13-11.15.00:152][  0]SourceControl: ソースコントロールは無効です
[2022.11.13-11.15.00:158][  0]SourceControl: ソースコントロールは無効です
[2022.11.13-11.15.00:214][  0]SourceControl: ソースコントロールは無効です
[2022.11.13-11.15.00:229][  0]SourceControl: ソースコントロールは無効です
[2022.11.13-11.15.00:233][  0]LogUProjectInfo: Found projects:
[2022.11.13-11.15.00:321][  0]LogOpenImageDenoise: OIDN starting up
[2022.11.13-11.15.00:379][  0]LogAndroidPermission: UAndroidPermissionCallbackProxy::GetInstance
[2022.11.13-11.15.00:395][  0]LogAudioCaptureCore: Display: No Audio Capture implementations found. Audio input will be silent.
[2022.11.13-11.15.00:395][  0]LogAudioCaptureCore: Display: No Audio Capture implementations found. Audio input will be silent.
[2022.11.13-11.15.00:506][  0]LogCollectionManager: Loaded 0 collections in 0.000499 seconds
[2022.11.13-11.15.00:821][  0]LogFileCache: Scanning file cache for directory 'D:/UE/UE4_THunter/Saved/Collections/' took 0.00s
[2022.11.13-11.15.00:821][  0]LogFileCache: Scanning file cache for directory 'D:/UE/UE4_THunter/Content/Developers/MotokiK/Collections/' took 0.00s
[2022.11.13-11.15.00:821][  0]LogFileCache: Scanning file cache for directory 'D:/UE/UE4_THunter/Content/Collections/' took 0.00s
[2022.11.13-11.15.00:821][  0]LogOcInput: OculusInput pre-init called
[2022.11.13-11.15.01:009][  0]LogClass: Display: EnumProperty FMultiUserClientConfig::ValidationMode is not initialized properly. Module:MultiUserClientLibrary File:Public/MultiUserClientStatics.h
[2022.11.13-11.15.01:009][  0]LogClass: Display: StructProperty FMultiUserClientInfo::AvatarColor is not initialized properly. Module:MultiUserClientLibrary File:Public/MultiUserClientStatics.h
[2022.11.13-11.15.01:009][  0]LogClass: Display: 2 Uninitialized script struct members found including 0 object properties
[2022.11.13-11.15.01:010][  0]LogEngine: Initializing Engine...
[2022.11.13-11.15.01:012][  0]LogHMD: Failed to enumerate extensions. Please check that you have a valid OpenXR runtime installed.
[2022.11.13-11.15.01:012][  0]LogHMD: Failed to initialize OpenVR with code 110
[2022.11.13-11.15.01:012][  0]LogMagicLeap: Warning: VR disabled because ZI is not enabled.  To enable, in the editor, Edit -> Project Settings -> Plugins -> Magic Leap Plugin -> Enable Zero Iteration
[2022.11.13-11.15.01:013][  0]LogStats: UGameplayTagsManager::InitializeManager -  0.000 s
[2022.11.13-11.15.01:131][  0]LogInit: Initializing FReadOnlyCVARCache
[2022.11.13-11.15.01:137][  0]LogAIModule: Creating AISystem for world Untitled
[2022.11.13-11.15.01:137][  0]LogAudio: Display: Initializing Audio Device Manager...
[2022.11.13-11.15.01:140][  0]LogAudio: Display: Loading Default Audio Settings Objects...
[2022.11.13-11.15.01:141][  0]LogAudio: Display: No default SoundConcurrencyObject specified (or failed to load).
[2022.11.13-11.15.01:142][  0]LogAudio: Display: Audio Device Manager Initialized
[2022.11.13-11.15.01:142][  0]LogAudio: Display: Creating Audio Device:                 Id: 1, Scope: Shared, Realtime: True
[2022.11.13-11.15.01:142][  0]LogAudioMixer: Display: Audio Mixer Platform Settings:
[2022.11.13-11.15.01:142][  0]LogAudioMixer: Display: 	Sample Rate:						  48000
[2022.11.13-11.15.01:142][  0]LogAudioMixer: Display: 	Callback Buffer Frame Size Requested: 1024
[2022.11.13-11.15.01:142][  0]LogAudioMixer: Display: 	Callback Buffer Frame Size To Use:	  1024
[2022.11.13-11.15.01:142][  0]LogAudioMixer: Display: 	Number of buffers to queue:			  2
[2022.11.13-11.15.01:142][  0]LogAudioMixer: Display: 	Max Channels (voices):				  32
[2022.11.13-11.15.01:142][  0]LogAudioMixer: Display: 	Number of Async Source Workers:		  0
[2022.11.13-11.15.01:142][  0]LogAudio: Display: AudioDevice MaxSources: 32
[2022.11.13-11.15.01:142][  0]LogAudio: Display: Audio Spatialization Plugin: None (built-in).
[2022.11.13-11.15.01:142][  0]LogAudio: Display: Audio Reverb Plugin: None (built-in).
[2022.11.13-11.15.01:142][  0]LogAudio: Display: Audio Occlusion Plugin: None (built-in).
[2022.11.13-11.15.01:142][  0]LogAudioMixer: Display: Initializing audio mixer.
[2022.11.13-11.15.01:152][  0]LogAudioMixer: Display: 0: FrontLeft
[2022.11.13-11.15.01:152][  0]LogAudioMixer: Display: 1: FrontRight
[2022.11.13-11.15.01:152][  0]LogAudioMixer: Display: 2: FrontCenter
[2022.11.13-11.15.01:152][  0]LogAudioMixer: Display: 3: LowFrequency
[2022.11.13-11.15.01:152][  0]LogAudioMixer: Display: 4: BackLeft
[2022.11.13-11.15.01:152][  0]LogAudioMixer: Display: 5: BackRight
[2022.11.13-11.15.01:152][  0]LogAudioMixer: Display: 6: SideLeft
[2022.11.13-11.15.01:152][  0]LogAudioMixer: Display: 7: SideRight
[2022.11.13-11.15.01:167][  0]LogAudioMixer: Display: Using Audio Device スピーカー (Logitech G733 Gaming Headset)
[2022.11.13-11.15.01:172][  0]LogAudioMixer: Display: Initializing Sound Submixes...
[2022.11.13-11.15.01:173][  0]LogAudioMixer: Display: Creating Master Submix 'MasterSubmixDefault'
[2022.11.13-11.15.01:173][  0]LogAudioMixer: Display: Creating Master Submix 'MasterReverbSubmixDefault'
[2022.11.13-11.15.01:173][  0]LogAudioMixer: Display: Creating Master Submix 'MasterEQSubmixDefault'
[2022.11.13-11.15.01:174][  0]LogAudioMixer: FMixerPlatformXAudio2::StartAudioStream() called
[2022.11.13-11.15.01:174][  0]LogAudioMixer: Display: Output buffers initialized: Frames=1024, Channels=8, Samples=8192
[2022.11.13-11.15.01:175][  0]LogAudioMixer: Display: Starting AudioMixerPlatformInterface::RunInternal()
[2022.11.13-11.15.01:175][  0]LogAudioMixer: Display: FMixerPlatformXAudio2::SubmitBuffer() called for the first time
[2022.11.13-11.15.01:175][  0]LogInit: FAudioDevice initialized.
[2022.11.13-11.15.01:175][  0]LogAudio: Display: Audio Device (ID: 1) registered with world 'Untitled'.
[2022.11.13-11.15.01:175][  0]LogNetVersion: Set ProjectVersion to 1.0.0.0. Version Checksum will be recalculated on next use.
[2022.11.13-11.15.01:218][  0]LogDerivedDataCache: Saved boot cache 0.04s 94MB C:/Users/Motoki.K/AppData/Local/UnrealEngine/4.27/DerivedDataCache/Boot.ddc.
[2022.11.13-11.15.01:218][  0]LogInit: Texture streaming: Enabled
[2022.11.13-11.15.01:231][  0]LogAnalytics: Display: [UEEditor.Rocket.Release] APIServer = https://datarouter.ol.epicgames.com/. AppVersion = 4.27.2-18319896+++UE4+Release-4.27
[2022.11.13-11.15.01:235][  0]LogEngineSessionManager: EngineSessionManager initialized
[2022.11.13-11.15.01:235][  0]LogEditorSessionSummary: Verbose: Initializing EditorSessionSummaryWriter for editor session tracking
[2022.11.13-11.15.01:238][  0]LogEditorSessionSummary: EditorSessionSummaryWriter initialized
[2022.11.13-11.15.01:347][  0]LogInit: Transaction tracking system initialized
[2022.11.13-11.15.01:367][  0]BlueprintLog: New page: エディタの読み込み
[2022.11.13-11.15.01:419][  0]LocalizationService: ローカライズのサービスが無効になりました
[2022.11.13-11.15.01:442][  0]TimingProfiler: Initialize
[2022.11.13-11.15.01:442][  0]TimingProfiler: OnSessionChanged
[2022.11.13-11.15.01:442][  0]LoadingProfiler: Initialize
[2022.11.13-11.15.01:442][  0]LoadingProfiler: OnSessionChanged
[2022.11.13-11.15.01:442][  0]NetworkingProfiler: Initialize
[2022.11.13-11.15.01:442][  0]NetworkingProfiler: OnSessionChanged
[2022.11.13-11.15.01:442][  0]MemoryProfiler: Initialize
[2022.11.13-11.15.01:442][  0]MemoryProfiler: OnSessionChanged
[2022.11.13-11.15.01:577][  0]LogCook: Display: CookSettings for Memory: MemoryMaxUsedVirtual 0MiB, MemoryMaxUsedPhysical 16384MiB, MemoryMinFreeVirtual 0MiB, MemoryMinFreePhysical 1024MiB
[2022.11.13-11.15.01:577][  0]LogCook: Display: Mobile HDR setting 1
[2022.11.13-11.15.01:582][  0]LogFileCache: Scanning file cache for directory 'D:/UE/UE4_THunter/Content/' took 0.00s
[2022.11.13-11.15.01:891][  0]LogInit: Display: Engine is initialized. Leaving FEngineLoop::Init()
[2022.11.13-11.15.01:895][  0]SourceControl: ソースコントロールは無効です
[2022.11.13-11.15.01:895][  0]LogUnrealEdMisc: Loading editor; pre map load, took 5.858
[2022.11.13-11.15.01:895][  0]Cmd: MAP LOAD FILE="../../../Engine/Content/Maps/Templates/Template_Default.umap" TEMPLATE=1 SHOWPROGRESS=1 FEATURELEVEL=3
[2022.11.13-11.15.01:895][  0]LightingResults: New page: ライティングのビルド
[2022.11.13-11.15.01:896][  0]LogWorld: UWorld::CleanupWorld for Untitled, bSessionEnded=true, bCleanupResources=true
[2022.11.13-11.15.01:896][  0]LogSlate: InvalidateAllWidgets triggered.  All widgets were invalidated
[2022.11.13-11.15.01:896][  0]MapCheck: New page: マップをチェック
[2022.11.13-11.15.01:896][  0]LightingResults: New page: <何も選択されていません>
[2022.11.13-11.15.01:901][  0]LogAudio: Display: Audio Device unregistered from world 'None'.
[2022.11.13-11.15.01:903][  0]LogUObjectHash: Compacting FUObjectHashTables data took   0.52ms
[2022.11.13-11.15.01:943][  0]LogTexture: Display: テクスチャをビルドしています:DeprecatedTextureEB9CBE3C423008B5E8E130901E171C89 (BGRA8、128X128)
[2022.11.13-11.15.01:946][  0]LogAudio: Display: Audio Device (ID: 1) registered with world 'Untitled_1'.
[2022.11.13-11.15.01:947][  0]LogAIModule: Creating AISystem for world Untitled_1
[2022.11.13-11.15.01:950][  0]LogEditorServer: Finished looking for orphan Actors (0.000 secs)
[2022.11.13-11.15.01:954][  0]LogUObjectHash: Compacting FUObjectHashTables data took   0.80ms
[2022.11.13-11.15.01:955][  0]Cmd: MAP CHECKDEP NOCLEARLOG
[2022.11.13-11.15.01:955][  0]MapCheck: マップチェックが完了: 0 エラー、 0 警告、完了に 0.104ミリ秒かかりました。
[2022.11.13-11.15.01:955][  0]LogFileHelpers: Loading map 'Template_Default' took 0.060
[2022.11.13-11.15.01:956][  0]LogUnrealEdMisc: Total Editor Startup Time, took 5.920
[2022.11.13-11.15.02:011][  0]LogWindowsTextInputMethodSystem: Display: IME system activated using TSF (Microsoft IME).
[2022.11.13-11.15.02:046][  0]LogSlate: Updating window title bar state: overlay mode, drag disabled, window buttons hidden, title bar hidden
[2022.11.13-11.15.02:051][  0]LogSlate: Updating window title bar state: overlay mode, drag disabled, window buttons hidden, title bar hidden
[2022.11.13-11.15.02:055][  0]LogSlate: Updating window title bar state: overlay mode, drag disabled, window buttons hidden, title bar hidden
[2022.11.13-11.15.02:059][  0]LogSlate: Updating window title bar state: overlay mode, drag disabled, window buttons hidden, title bar hidden
[2022.11.13-11.15.02:070][  0]LogNativeClassHierarchy: Verbose: Native class hierarchy populated in 0.0068 seconds. Added 3834 classes and 949 folders.
[2022.11.13-11.15.02:072][  0]LogNativeClassHierarchy: Verbose: Native class hierarchy updated for 'WidgetCarousel' in 0.0002 seconds. Added 0 classes and 0 folders.
[2022.11.13-11.15.02:073][  0]LogPakFile: PakFile PrimaryIndexSize=187
[2022.11.13-11.15.02:073][  0]LogPakFile: PakFile PathHashIndexSize=101
[2022.11.13-11.15.02:073][  0]LogPakFile: PakFile FullDirectoryIndexSize=148
[2022.11.13-11.15.02:073][  0]LogShaderLibrary: Display: ShaderCodeLibraryPakFileMountedCallback: PakFile 'D:/Program Files (x86)/UE_4.27/FeaturePacks/FP_FirstPerson.upack' (chunk index -1, root 'root:/') mounted
[2022.11.13-11.15.02:073][  0]LogShaderLibrary: Display: ShaderCodeLibraryPakFileMountedCallback: pending pak file info (ChunkID:-1 Root:root:/ File:D:/Program Files (x86)/UE_4.27/FeaturePacks/FP_FirstPerson.upack)
[2022.11.13-11.15.02:073][  0]LogPakFile: OnPakFileMounted2Time == 0.000039
[2022.11.13-11.15.02:073][  0]LogPakFile: PakFile PrimaryIndexSize=189
[2022.11.13-11.15.02:073][  0]LogPakFile: PakFile PathHashIndexSize=101
[2022.11.13-11.15.02:073][  0]LogPakFile: PakFile FullDirectoryIndexSize=152
[2022.11.13-11.15.02:073][  0]LogShaderLibrary: Display: ShaderCodeLibraryPakFileMountedCallback: PakFile 'D:/Program Files (x86)/UE_4.27/FeaturePacks/FP_FirstPersonBP.upack' (chunk index -1, root 'root:/') mounted
[2022.11.13-11.15.02:074][  0]LogShaderLibrary: Display: ShaderCodeLibraryPakFileMountedCallback: pending pak file info (ChunkID:-1 Root:root:/ File:D:/Program Files (x86)/UE_4.27/FeaturePacks/FP_FirstPersonBP.upack)
[2022.11.13-11.15.02:074][  0]LogPakFile: OnPakFileMounted2Time == 0.000026
[2022.11.13-11.15.02:074][  0]LogPakFile: PakFile PrimaryIndexSize=191
[2022.11.13-11.15.02:074][  0]LogPakFile: PakFile PathHashIndexSize=101
[2022.11.13-11.15.02:074][  0]LogPakFile: PakFile FullDirectoryIndexSize=160
[2022.11.13-11.15.02:074][  0]LogShaderLibrary: Display: ShaderCodeLibraryPakFileMountedCallback: PakFile 'D:/Program Files (x86)/UE_4.27/FeaturePacks/MobileStarterContent.upack' (chunk index -1, root 'root:/') mounted
[2022.11.13-11.15.02:074][  0]LogShaderLibrary: Display: ShaderCodeLibraryPakFileMountedCallback: pending pak file info (ChunkID:-1 Root:root:/ File:D:/Program Files (x86)/UE_4.27/FeaturePacks/MobileStarterContent.upack)
[2022.11.13-11.15.02:074][  0]LogPakFile: OnPakFileMounted2Time == 0.000027
[2022.11.13-11.15.02:075][  0]LogPakFile: PakFile PrimaryIndexSize=185
[2022.11.13-11.15.02:075][  0]LogPakFile: PakFile PathHashIndexSize=101
[2022.11.13-11.15.02:075][  0]LogPakFile: PakFile FullDirectoryIndexSize=148
[2022.11.13-11.15.02:075][  0]LogShaderLibrary: Display: ShaderCodeLibraryPakFileMountedCallback: PakFile 'D:/Program Files (x86)/UE_4.27/FeaturePacks/StarterContent.upack' (chunk index -1, root 'root:/') mounted
[2022.11.13-11.15.02:075][  0]LogShaderLibrary: Display: ShaderCodeLibraryPakFileMountedCallback: pending pak file info (ChunkID:-1 Root:root:/ File:D:/Program Files (x86)/UE_4.27/FeaturePacks/StarterContent.upack)
[2022.11.13-11.15.02:075][  0]LogPakFile: OnPakFileMounted2Time == 0.000026
[2022.11.13-11.15.02:075][  0]LogPakFile: PakFile PrimaryIndexSize=190
[2022.11.13-11.15.02:075][  0]LogPakFile: PakFile PathHashIndexSize=101
[2022.11.13-11.15.02:075][  0]LogPakFile: PakFile FullDirectoryIndexSize=154
[2022.11.13-11.15.02:075][  0]LogShaderLibrary: Display: ShaderCodeLibraryPakFileMountedCallback: PakFile 'D:/Program Files (x86)/UE_4.27/FeaturePacks/TP_2DSideScroller.upack' (chunk index -1, root 'root:/') mounted
[2022.11.13-11.15.02:075][  0]LogShaderLibrary: Display: ShaderCodeLibraryPakFileMountedCallback: pending pak file info (ChunkID:-1 Root:root:/ File:D:/Program Files (x86)/UE_4.27/FeaturePacks/TP_2DSideScroller.upack)
[2022.11.13-11.15.02:075][  0]LogPakFile: OnPakFileMounted2Time == 0.000024
[2022.11.13-11.15.02:076][  0]LogPakFile: PakFile PrimaryIndexSize=192
[2022.11.13-11.15.02:076][  0]LogPakFile: PakFile PathHashIndexSize=101
[2022.11.13-11.15.02:076][  0]LogPakFile: PakFile FullDirectoryIndexSize=158
[2022.11.13-11.15.02:076][  0]LogShaderLibrary: Display: ShaderCodeLibraryPakFileMountedCallback: PakFile 'D:/Program Files (x86)/UE_4.27/FeaturePacks/TP_2DSideScrollerBP.upack' (chunk index -1, root 'root:/') mounted
[2022.11.13-11.15.02:076][  0]LogShaderLibrary: Display: ShaderCodeLibraryPakFileMountedCallback: pending pak file info (ChunkID:-1 Root:root:/ File:D:/Program Files (x86)/UE_4.27/FeaturePacks/TP_2DSideScrollerBP.upack)
[2022.11.13-11.15.02:076][  0]LogPakFile: OnPakFileMounted2Time == 0.000023
[2022.11.13-11.15.02:076][  0]LogPakFile: PakFile PrimaryIndexSize=182
[2022.11.13-11.15.02:076][  0]LogPakFile: PakFile PathHashIndexSize=101
[2022.11.13-11.15.02:076][  0]LogPakFile: PakFile FullDirectoryIndexSize=138
[2022.11.13-11.15.02:076][  0]LogShaderLibrary: Display: ShaderCodeLibraryPakFileMountedCallback: PakFile 'D:/Program Files (x86)/UE_4.27/FeaturePacks/TP_Flying.upack' (chunk index -1, root 'root:/') mounted
[2022.11.13-11.15.02:076][  0]LogShaderLibrary: Display: ShaderCodeLibraryPakFileMountedCallback: pending pak file info (ChunkID:-1 Root:root:/ File:D:/Program Files (x86)/UE_4.27/FeaturePacks/TP_Flying.upack)
[2022.11.13-11.15.02:076][  0]LogPakFile: OnPakFileMounted2Time == 0.000024
[2022.11.13-11.15.02:077][  0]LogPakFile: PakFile PrimaryIndexSize=184
[2022.11.13-11.15.02:077][  0]LogPakFile: PakFile PathHashIndexSize=101
[2022.11.13-11.15.02:077][  0]LogPakFile: PakFile FullDirectoryIndexSize=142
[2022.11.13-11.15.02:077][  0]LogShaderLibrary: Display: ShaderCodeLibraryPakFileMountedCallback: PakFile 'D:/Program Files (x86)/UE_4.27/FeaturePacks/TP_FlyingBP.upack' (chunk index -1, root 'root:/') mounted
[2022.11.13-11.15.02:077][  0]LogShaderLibrary: Display: ShaderCodeLibraryPakFileMountedCallback: pending pak file info (ChunkID:-1 Root:root:/ File:D:/Program Files (x86)/UE_4.27/FeaturePacks/TP_FlyingBP.upack)
[2022.11.13-11.15.02:077][  0]LogPakFile: OnPakFileMounted2Time == 0.000022
[2022.11.13-11.15.02:077][  0]LogPakFile: PakFile PrimaryIndexSize=188
[2022.11.13-11.15.02:077][  0]LogPakFile: PakFile PathHashIndexSize=101
[2022.11.13-11.15.02:077][  0]LogPakFile: PakFile FullDirectoryIndexSize=150
[2022.11.13-11.15.02:077][  0]LogShaderLibrary: Display: ShaderCodeLibraryPakFileMountedCallback: PakFile 'D:/Program Files (x86)/UE_4.27/FeaturePacks/TP_HandheldARBP.upack' (chunk index -1, root 'root:/') mounted
[2022.11.13-11.15.02:077][  0]LogShaderLibrary: Display: ShaderCodeLibraryPakFileMountedCallback: pending pak file info (ChunkID:-1 Root:root:/ File:D:/Program Files (x86)/UE_4.27/FeaturePacks/TP_HandheldARBP.upack)
[2022.11.13-11.15.02:077][  0]LogPakFile: OnPakFileMounted2Time == 0.000022
[2022.11.13-11.15.02:078][  0]LogPakFile: PakFile PrimaryIndexSize=182
[2022.11.13-11.15.02:078][  0]LogPakFile: PakFile PathHashIndexSize=101
[2022.11.13-11.15.02:078][  0]LogPakFile: PakFile FullDirectoryIndexSize=138
[2022.11.13-11.15.02:078][  0]LogShaderLibrary: Display: ShaderCodeLibraryPakFileMountedCallback: PakFile 'D:/Program Files (x86)/UE_4.27/FeaturePacks/TP_Puzzle.upack' (chunk index -1, root 'root:/') mounted
[2022.11.13-11.15.02:078][  0]LogShaderLibrary: Display: ShaderCodeLibraryPakFileMountedCallback: pending pak file info (ChunkID:-1 Root:root:/ File:D:/Program Files (x86)/UE_4.27/FeaturePacks/TP_Puzzle.upack)
[2022.11.13-11.15.02:078][  0]LogPakFile: OnPakFileMounted2Time == 0.000022
[2022.11.13-11.15.02:078][  0]LogPakFile: PakFile PrimaryIndexSize=184
[2022.11.13-11.15.02:078][  0]LogPakFile: PakFile PathHashIndexSize=101
[2022.11.13-11.15.02:078][  0]LogPakFile: PakFile FullDirectoryIndexSize=142
[2022.11.13-11.15.02:078][  0]LogShaderLibrary: Display: ShaderCodeLibraryPakFileMountedCallback: PakFile 'D:/Program Files (x86)/UE_4.27/FeaturePacks/TP_PuzzleBP.upack' (chunk index -1, root 'root:/') mounted
[2022.11.13-11.15.02:078][  0]LogShaderLibrary: Display: ShaderCodeLibraryPakFileMountedCallback: pending pak file info (ChunkID:-1 Root:root:/ File:D:/Program Files (x86)/UE_4.27/FeaturePacks/TP_PuzzleBP.upack)
[2022.11.13-11.15.02:078][  0]LogPakFile: OnPakFileMounted2Time == 0.000024
[2022.11.13-11.15.02:079][  0]LogPakFile: PakFile PrimaryIndexSize=183
[2022.11.13-11.15.02:079][  0]LogPakFile: PakFile PathHashIndexSize=101
[2022.11.13-11.15.02:079][  0]LogPakFile: PakFile FullDirectoryIndexSize=140
[2022.11.13-11.15.02:079][  0]LogShaderLibrary: Display: ShaderCodeLibraryPakFileMountedCallback: PakFile 'D:/Program Files (x86)/UE_4.27/FeaturePacks/TP_Rolling.upack' (chunk index -1, root 'root:/') mounted
[2022.11.13-11.15.02:079][  0]LogShaderLibrary: Display: ShaderCodeLibraryPakFileMountedCallback: pending pak file info (ChunkID:-1 Root:root:/ File:D:/Program Files (x86)/UE_4.27/FeaturePacks/TP_Rolling.upack)
[2022.11.13-11.15.02:079][  0]LogPakFile: OnPakFileMounted2Time == 0.000023
[2022.11.13-11.15.02:079][  0]LogPakFile: PakFile PrimaryIndexSize=185
[2022.11.13-11.15.02:079][  0]LogPakFile: PakFile PathHashIndexSize=101
[2022.11.13-11.15.02:079][  0]LogPakFile: PakFile FullDirectoryIndexSize=144
[2022.11.13-11.15.02:079][  0]LogShaderLibrary: Display: ShaderCodeLibraryPakFileMountedCallback: PakFile 'D:/Program Files (x86)/UE_4.27/FeaturePacks/TP_RollingBP.upack' (chunk index -1, root 'root:/') mounted
[2022.11.13-11.15.02:079][  0]LogShaderLibrary: Display: ShaderCodeLibraryPakFileMountedCallback: pending pak file info (ChunkID:-1 Root:root:/ File:D:/Program Files (x86)/UE_4.27/FeaturePacks/TP_RollingBP.upack)
[2022.11.13-11.15.02:079][  0]LogPakFile: OnPakFileMounted2Time == 0.000021
[2022.11.13-11.15.02:080][  0]LogPakFile: PakFile PrimaryIndexSize=188
[2022.11.13-11.15.02:080][  0]LogPakFile: PakFile PathHashIndexSize=101
[2022.11.13-11.15.02:080][  0]LogPakFile: PakFile FullDirectoryIndexSize=150
[2022.11.13-11.15.02:080][  0]LogShaderLibrary: Display: ShaderCodeLibraryPakFileMountedCallback: PakFile 'D:/Program Files (x86)/UE_4.27/FeaturePacks/TP_SideScroller.upack' (chunk index -1, root 'root:/') mounted
[2022.11.13-11.15.02:080][  0]LogShaderLibrary: Display: ShaderCodeLibraryPakFileMountedCallback: pending pak file info (ChunkID:-1 Root:root:/ File:D:/Program Files (x86)/UE_4.27/FeaturePacks/TP_SideScroller.upack)
[2022.11.13-11.15.02:080][  0]LogPakFile: OnPakFileMounted2Time == 0.000023
[2022.11.13-11.15.02:080][  0]LogPakFile: PakFile PrimaryIndexSize=190
[2022.11.13-11.15.02:080][  0]LogPakFile: PakFile PathHashIndexSize=101
[2022.11.13-11.15.02:080][  0]LogPakFile: PakFile FullDirectoryIndexSize=154
[2022.11.13-11.15.02:080][  0]LogShaderLibrary: Display: ShaderCodeLibraryPakFileMountedCallback: PakFile 'D:/Program Files (x86)/UE_4.27/FeaturePacks/TP_SideScrollerBP.upack' (chunk index -1, root 'root:/') mounted
[2022.11.13-11.15.02:080][  0]LogShaderLibrary: Display: ShaderCodeLibraryPakFileMountedCallback: pending pak file info (ChunkID:-1 Root:root:/ File:D:/Program Files (x86)/UE_4.27/FeaturePacks/TP_SideScrollerBP.upack)
[2022.11.13-11.15.02:080][  0]LogPakFile: OnPakFileMounted2Time == 0.000022
[2022.11.13-11.15.02:081][  0]LogPakFile: PakFile PrimaryIndexSize=187
[2022.11.13-11.15.02:081][  0]LogPakFile: PakFile PathHashIndexSize=101
[2022.11.13-11.15.02:081][  0]LogPakFile: PakFile FullDirectoryIndexSize=148
[2022.11.13-11.15.02:081][  0]LogShaderLibrary: Display: ShaderCodeLibraryPakFileMountedCallback: PakFile 'D:/Program Files (x86)/UE_4.27/FeaturePacks/TP_ThirdPerson.upack' (chunk index -1, root 'root:/') mounted
[2022.11.13-11.15.02:081][  0]LogShaderLibrary: Display: ShaderCodeLibraryPakFileMountedCallback: pending pak file info (ChunkID:-1 Root:root:/ File:D:/Program Files (x86)/UE_4.27/FeaturePacks/TP_ThirdPerson.upack)
[2022.11.13-11.15.02:081][  0]LogPakFile: OnPakFileMounted2Time == 0.000021
[2022.11.13-11.15.02:081][  0]LogPakFile: PakFile PrimaryIndexSize=189
[2022.11.13-11.15.02:081][  0]LogPakFile: PakFile PathHashIndexSize=101
[2022.11.13-11.15.02:081][  0]LogPakFile: PakFile FullDirectoryIndexSize=152
[2022.11.13-11.15.02:081][  0]LogShaderLibrary: Display: ShaderCodeLibraryPakFileMountedCallback: PakFile 'D:/Program Files (x86)/UE_4.27/FeaturePacks/TP_ThirdPersonBP.upack' (chunk index -1, root 'root:/') mounted
[2022.11.13-11.15.02:081][  0]LogShaderLibrary: Display: ShaderCodeLibraryPakFileMountedCallback: pending pak file info (ChunkID:-1 Root:root:/ File:D:/Program Files (x86)/UE_4.27/FeaturePacks/TP_ThirdPersonBP.upack)
[2022.11.13-11.15.02:081][  0]LogPakFile: OnPakFileMounted2Time == 0.000027
[2022.11.13-11.15.02:082][  0]LogPakFile: PakFile PrimaryIndexSize=183
[2022.11.13-11.15.02:082][  0]LogPakFile: PakFile PathHashIndexSize=101
[2022.11.13-11.15.02:082][  0]LogPakFile: PakFile FullDirectoryIndexSize=140
[2022.11.13-11.15.02:082][  0]LogShaderLibrary: Display: ShaderCodeLibraryPakFileMountedCallback: PakFile 'D:/Program Files (x86)/UE_4.27/FeaturePacks/TP_TopDown.upack' (chunk index -1, root 'root:/') mounted
[2022.11.13-11.15.02:082][  0]LogShaderLibrary: Display: ShaderCodeLibraryPakFileMountedCallback: pending pak file info (ChunkID:-1 Root:root:/ File:D:/Program Files (x86)/UE_4.27/FeaturePacks/TP_TopDown.upack)
[2022.11.13-11.15.02:082][  0]LogPakFile: OnPakFileMounted2Time == 0.000030
[2022.11.13-11.15.02:082][  0]LogPakFile: PakFile PrimaryIndexSize=185
[2022.11.13-11.15.02:082][  0]LogPakFile: PakFile PathHashIndexSize=101
[2022.11.13-11.15.02:082][  0]LogPakFile: PakFile FullDirectoryIndexSize=144
[2022.11.13-11.15.02:082][  0]LogShaderLibrary: Display: ShaderCodeLibraryPakFileMountedCallback: PakFile 'D:/Program Files (x86)/UE_4.27/FeaturePacks/TP_TopDownBP.upack' (chunk index -1, root 'root:/') mounted
[2022.11.13-11.15.02:082][  0]LogShaderLibrary: Display: ShaderCodeLibraryPakFileMountedCallback: pending pak file info (ChunkID:-1 Root:root:/ File:D:/Program Files (x86)/UE_4.27/FeaturePacks/TP_TopDownBP.upack)
[2022.11.13-11.15.02:082][  0]LogPakFile: OnPakFileMounted2Time == 0.000022
[2022.11.13-11.15.02:083][  0]LogPakFile: PakFile PrimaryIndexSize=185
[2022.11.13-11.15.02:083][  0]LogPakFile: PakFile PathHashIndexSize=101
[2022.11.13-11.15.02:083][  0]LogPakFile: PakFile FullDirectoryIndexSize=144
[2022.11.13-11.15.02:083][  0]LogShaderLibrary: Display: ShaderCodeLibraryPakFileMountedCallback: PakFile 'D:/Program Files (x86)/UE_4.27/FeaturePacks/TP_TwinStick.upack' (chunk index -1, root 'root:/') mounted
[2022.11.13-11.15.02:083][  0]LogShaderLibrary: Display: ShaderCodeLibraryPakFileMountedCallback: pending pak file info (ChunkID:-1 Root:root:/ File:D:/Program Files (x86)/UE_4.27/FeaturePacks/TP_TwinStick.upack)
[2022.11.13-11.15.02:083][  0]LogPakFile: OnPakFileMounted2Time == 0.000023
[2022.11.13-11.15.02:083][  0]LogPakFile: PakFile PrimaryIndexSize=187
[2022.11.13-11.15.02:083][  0]LogPakFile: PakFile PathHashIndexSize=101
[2022.11.13-11.15.02:083][  0]LogPakFile: PakFile FullDirectoryIndexSize=148
[2022.11.13-11.15.02:083][  0]LogShaderLibrary: Display: ShaderCodeLibraryPakFileMountedCallback: PakFile 'D:/Program Files (x86)/UE_4.27/FeaturePacks/TP_TwinStickBP.upack' (chunk index -1, root 'root:/') mounted
[2022.11.13-11.15.02:083][  0]LogShaderLibrary: Display: ShaderCodeLibraryPakFileMountedCallback: pending pak file info (ChunkID:-1 Root:root:/ File:D:/Program Files (x86)/UE_4.27/FeaturePacks/TP_TwinStickBP.upack)
[2022.11.13-11.15.02:083][  0]LogPakFile: OnPakFileMounted2Time == 0.000022
[2022.11.13-11.15.02:084][  0]LogPakFile: PakFile PrimaryIndexSize=183
[2022.11.13-11.15.02:084][  0]LogPakFile: PakFile PathHashIndexSize=101
[2022.11.13-11.15.02:084][  0]LogPakFile: PakFile FullDirectoryIndexSize=140
[2022.11.13-11.15.02:084][  0]LogShaderLibrary: Display: ShaderCodeLibraryPakFileMountedCallback: PakFile 'D:/Program Files (x86)/UE_4.27/FeaturePacks/TP_Vehicle.upack' (chunk index -1, root 'root:/') mounted
[2022.11.13-11.15.02:084][  0]LogShaderLibrary: Display: ShaderCodeLibraryPakFileMountedCallback: pending pak file info (ChunkID:-1 Root:root:/ File:D:/Program Files (x86)/UE_4.27/FeaturePacks/TP_Vehicle.upack)
[2022.11.13-11.15.02:084][  0]LogPakFile: OnPakFileMounted2Time == 0.000021
[2022.11.13-11.15.02:084][  0]LogPakFile: PakFile PrimaryIndexSize=186
[2022.11.13-11.15.02:084][  0]LogPakFile: PakFile PathHashIndexSize=101
[2022.11.13-11.15.02:084][  0]LogPakFile: PakFile FullDirectoryIndexSize=146
[2022.11.13-11.15.02:084][  0]LogShaderLibrary: Display: ShaderCodeLibraryPakFileMountedCallback: PakFile 'D:/Program Files (x86)/UE_4.27/FeaturePacks/TP_VehicleAdv.upack' (chunk index -1, root 'root:/') mounted
[2022.11.13-11.15.02:084][  0]LogShaderLibrary: Display: ShaderCodeLibraryPakFileMountedCallback: pending pak file info (ChunkID:-1 Root:root:/ File:D:/Program Files (x86)/UE_4.27/FeaturePacks/TP_VehicleAdv.upack)
[2022.11.13-11.15.02:084][  0]LogPakFile: OnPakFileMounted2Time == 0.000024
[2022.11.13-11.15.02:085][  0]LogPakFile: PakFile PrimaryIndexSize=188
[2022.11.13-11.15.02:085][  0]LogPakFile: PakFile PathHashIndexSize=101
[2022.11.13-11.15.02:085][  0]LogPakFile: PakFile FullDirectoryIndexSize=150
[2022.11.13-11.15.02:085][  0]LogShaderLibrary: Display: ShaderCodeLibraryPakFileMountedCallback: PakFile 'D:/Program Files (x86)/UE_4.27/FeaturePacks/TP_VehicleAdvBP.upack' (chunk index -1, root 'root:/') mounted
[2022.11.13-11.15.02:085][  0]LogShaderLibrary: Display: ShaderCodeLibraryPakFileMountedCallback: pending pak file info (ChunkID:-1 Root:root:/ File:D:/Program Files (x86)/UE_4.27/FeaturePacks/TP_VehicleAdvBP.upack)
[2022.11.13-11.15.02:085][  0]LogPakFile: OnPakFileMounted2Time == 0.000023
[2022.11.13-11.15.02:085][  0]LogPakFile: PakFile PrimaryIndexSize=185
[2022.11.13-11.15.02:085][  0]LogPakFile: PakFile PathHashIndexSize=101
[2022.11.13-11.15.02:085][  0]LogPakFile: PakFile FullDirectoryIndexSize=144
[2022.11.13-11.15.02:085][  0]LogShaderLibrary: Display: ShaderCodeLibraryPakFileMountedCallback: PakFile 'D:/Program Files (x86)/UE_4.27/FeaturePacks/TP_VehicleBP.upack' (chunk index -1, root 'root:/') mounted
[2022.11.13-11.15.02:085][  0]LogShaderLibrary: Display: ShaderCodeLibraryPakFileMountedCallback: pending pak file info (ChunkID:-1 Root:root:/ File:D:/Program Files (x86)/UE_4.27/FeaturePacks/TP_VehicleBP.upack)
[2022.11.13-11.15.02:085][  0]LogPakFile: OnPakFileMounted2Time == 0.000023
[2022.11.13-11.15.02:086][  0]LogPakFile: PakFile PrimaryIndexSize=192
[2022.11.13-11.15.02:086][  0]LogPakFile: PakFile PathHashIndexSize=101
[2022.11.13-11.15.02:086][  0]LogPakFile: PakFile FullDirectoryIndexSize=158
[2022.11.13-11.15.02:086][  0]LogShaderLibrary: Display: ShaderCodeLibraryPakFileMountedCallback: PakFile 'D:/Program Files (x86)/UE_4.27/FeaturePacks/TP_VirtualRealityBP.upack' (chunk index -1, root 'root:/') mounted
[2022.11.13-11.15.02:086][  0]LogShaderLibrary: Display: ShaderCodeLibraryPakFileMountedCallback: pending pak file info (ChunkID:-1 Root:root:/ File:D:/Program Files (x86)/UE_4.27/FeaturePacks/TP_VirtualRealityBP.upack)
[2022.11.13-11.15.02:086][  0]LogPakFile: OnPakFileMounted2Time == 0.000022
[2022.11.13-11.15.02:132][  0]LogNativeClassHierarchy: Verbose: Native class hierarchy updated for 'AddContentDialog' in 0.0002 seconds. Added 0 classes and 0 folders.
[2022.11.13-11.15.02:132][  0]LogNativeClassHierarchy: Verbose: Native class hierarchy updated for 'SceneOutliner' in 0.0002 seconds. Added 2 classes and 0 folders.
[2022.11.13-11.15.02:158][  0]LogSlate: Took 0.000259 seconds to synchronously load lazily loaded font '../../../Engine/Content/Slate/Fonts/Roboto-Regular.ttf' (155K)
[2022.11.13-11.15.02:159][  0]LogSlate: Took 0.000354 seconds to synchronously load lazily loaded font '../../../Engine/Content/Editor/Slate/Fonts/GenEiGothicPro-Regular.otf' (707K)
[2022.11.13-11.15.02:159][  0]LogSlate: Took 0.000145 seconds to synchronously load lazily loaded font '../../../Engine/Content/Editor/Slate/Fonts/FontAwesome.ttf' (139K)
[2022.11.13-11.15.02:161][  0]LogSlate: Took 0.000289 seconds to synchronously load lazily loaded font '../../../Engine/Content/Editor/Slate/Fonts/GenEiGothicPro-Bold.otf' (698K)
[2022.11.13-11.15.02:161][  0]LogSlate: Took 0.000117 seconds to synchronously load lazily loaded font '../../../Engine/Content/Slate/Fonts/Roboto-Bold.ttf' (160K)
[2022.11.13-11.15.02:211][  0]LogRenderer: Reallocating scene render targets to support 1228x456 Format 10 NumSamples 1 (Frame:1).
[2022.11.13-11.15.02:298][  0]LogNativeClassHierarchy: Verbose: Native class hierarchy updated for 'HierarchicalLODOutliner' in 0.0002 seconds. Added 0 classes and 0 folders.
[2022.11.13-11.15.02:298][  0]LogLoad: (Engine Initialization) Total time: 6.26 seconds
[2022.11.13-11.15.02:298][  0]LogLoad: (Engine Initialization) Total Blueprint compile time: 0.00 seconds
[2022.11.13-11.15.02:321][  0]LogContentStreaming: Texture pool size now 1000 MB
[2022.11.13-11.15.03:271][ 90]LogSlate: Took 0.000166 seconds to synchronously load lazily loaded font '../../../Engine/Content/Slate/Fonts/Roboto-Italic.ttf' (157K)
[2022.11.13-11.15.03:924][152]LogSlate: Took 0.000162 seconds to synchronously load lazily loaded font '../../../Engine/Content/Slate/Fonts/Roboto-Light.ttf' (167K)
[2022.11.13-11.15.05:648][356]LogAssetRegistry: Asset discovery search completed in 7.1416 seconds
[2022.11.13-11.15.05:653][356]LogCollectionManager: Fixed up redirectors for 0 collections in 0.000001 seconds (updated 0 objects)
[2022.11.13-11.16.46:555][ 54]LogSlate: Only BGRA pngs, bmps or icos are supported in by External Image Picker
[2022.11.13-11.18.15:069][567]LogSlate: Took 0.054720 seconds to synchronously load lazily loaded font '../../../Engine/Content/Editor/Slate/Fonts/GenEiGothicPro-SemiBold.otf' (703K)
[2022.11.13-11.18.15:087][567]LogSlate: Took 0.017803 seconds to synchronously load lazily loaded font '../../../Engine/Content/Editor/Slate/Fonts/GenEiGothicPro-Heavy.otf' (704K)
[2022.11.13-11.18.15:101][567]LogSlate: Took 0.013778 seconds to synchronously load lazily loaded font '../../../Engine/Content/Editor/Slate/Fonts/GenEiGothicPro-Light.otf' (713K)
[2022.11.13-11.18.15:143][567]LogSlate: Took 0.042250 seconds to synchronously load lazily loaded font '../../../Engine/Content/Slate/Fonts/DroidSansFallback.ttf' (3848K)
